Analysis & Synthesis report for lab07
Sun May 10 19:19:05 2020
Quartus Prime Version 17.1.0 Build 590 10/25/2017 SJ Lite Edition


---------------------
; Table of Contents ;
---------------------
  1. Legal Notice
  2. Analysis & Synthesis Summary
  3. Analysis & Synthesis Settings
  4. Parallel Compilation
  5. Analysis & Synthesis Source Files Read
  6. Analysis & Synthesis Resource Usage Summary
  7. Analysis & Synthesis Resource Utilization by Entity
  8. Analysis & Synthesis RAM Summary
  9. Analysis & Synthesis IP Cores Summary
 10. Registers Removed During Synthesis
 11. General Register Statistics
 12. Source assignments for adder:inst|add:inst1|parallel_add:parallel_add_component|par_add_4qe:auto_generated
 13. Source assignments for adder:inst|ram:inst|altsyncram:altsyncram_component|altsyncram_41h2:auto_generated
 14. Parameter Settings for User Entity Instance: comparate:inst4|lpm_compare:LPM_COMPARE_component
 15. Parameter Settings for User Entity Instance: counter:inst2|lpm_counter:LPM_COUNTER_component
 16. Parameter Settings for User Entity Instance: adder:inst|add:inst1|parallel_add:parallel_add_component
 17. Parameter Settings for User Entity Instance: adder:inst|ram:inst|altsyncram:altsyncram_component
 18. altsyncram Parameter Settings by Entity Instance
 19. Post-Synthesis Netlist Statistics for Top Partition
 20. Elapsed Time Per Partition
 21. Analysis & Synthesis Messages



----------------
; Legal Notice ;
----------------
Copyright (C) 2017  Intel Corporation. All rights reserved.
Your use of Intel Corporation's design tools, logic functions 
and other software and tools, and its AMPP partner logic 
functions, and any output files from any of the foregoing 
(including device programming or simulation files), and any 
associated documentation or information are expressly subject 
to the terms and conditions of the Intel Program License 
Subscription Agreement, the Intel Quartus Prime License Agreement,
the Intel FPGA IP License Agreement, or other applicable license
agreement, including, without limitation, that your use is for
the sole purpose of programming logic devices manufactured by
Intel and sold by Intel or its authorized distributors.  Please
refer to the applicable agreement for further details.



+----------------------------------------------------------------------------------+
; Analysis & Synthesis Summary                                                     ;
+------------------------------------+---------------------------------------------+
; Analysis & Synthesis Status        ; Successful - Sun May 10 19:19:05 2020       ;
; Quartus Prime Version              ; 17.1.0 Build 590 10/25/2017 SJ Lite Edition ;
; Revision Name                      ; lab07                                       ;
; Top-level Entity Name              ; for_sh                                      ;
; Family                             ; MAX 10                                      ;
; Total logic elements               ; 51                                          ;
;     Total combinational functions  ; 27                                          ;
;     Dedicated logic registers      ; 40                                          ;
; Total registers                    ; 40                                          ;
; Total pins                         ; 11                                          ;
; Total virtual pins                 ; 0                                           ;
; Total memory bits                  ; 16                                          ;
; Embedded Multiplier 9-bit elements ; 0                                           ;
; Total PLLs                         ; 0                                           ;
; UFM blocks                         ; 0                                           ;
; ADC blocks                         ; 0                                           ;
+------------------------------------+---------------------------------------------+


+----------------------------------------------------------------------------------------------------------------------+
; Analysis & Synthesis Settings                                                                                        ;
+----------------------------------------------------------------------------+--------------------+--------------------+
; Option                                                                     ; Setting            ; Default Value      ;
+----------------------------------------------------------------------------+--------------------+--------------------+
; Device                                                                     ; 10M40DAF484C7G     ;                    ;
; Top-level entity name                                                      ; for_sh             ; lab07              ;
; Family name                                                                ; MAX 10             ; Cyclone V          ;
; Use smart compilation                                                      ; Off                ; Off                ;
; Enable parallel Assembler and TimeQuest Timing Analyzer during compilation ; On                 ; On                 ;
; Enable compact report table                                                ; Off                ; Off                ;
; Restructure Multiplexers                                                   ; Auto               ; Auto               ;
; Create Debugging Nodes for IP Cores                                        ; Off                ; Off                ;
; Preserve fewer node names                                                  ; On                 ; On                 ;
; Intel FPGA IP Evaluation Mode                                              ; Enable             ; Enable             ;
; Verilog Version                                                            ; Verilog_2001       ; Verilog_2001       ;
; VHDL Version                                                               ; VHDL_1993          ; VHDL_1993          ;
; State Machine Processing                                                   ; Auto               ; Auto               ;
; Safe State Machine                                                         ; Off                ; Off                ;
; Extract Verilog State Machines                                             ; On                 ; On                 ;
; Extract VHDL State Machines                                                ; On                 ; On                 ;
; Ignore Verilog initial constructs                                          ; Off                ; Off                ;
; Iteration limit for constant Verilog loops                                 ; 5000               ; 5000               ;
; Iteration limit for non-constant Verilog loops                             ; 250                ; 250                ;
; Add Pass-Through Logic to Inferred RAMs                                    ; On                 ; On                 ;
; Infer RAMs from Raw Logic                                                  ; On                 ; On                 ;
; Parallel Synthesis                                                         ; On                 ; On                 ;
; DSP Block Balancing                                                        ; Auto               ; Auto               ;
; NOT Gate Push-Back                                                         ; On                 ; On                 ;
; Power-Up Don't Care                                                        ; On                 ; On                 ;
; Remove Redundant Logic Cells                                               ; Off                ; Off                ;
; Remove Duplicate Registers                                                 ; On                 ; On                 ;
; Ignore CARRY Buffers                                                       ; Off                ; Off                ;
; Ignore CASCADE Buffers                                                     ; Off                ; Off                ;
; Ignore GLOBAL Buffers                                                      ; Off                ; Off                ;
; Ignore ROW GLOBAL Buffers                                                  ; Off                ; Off                ;
; Ignore LCELL Buffers                                                       ; Off                ; Off                ;
; Ignore SOFT Buffers                                                        ; On                 ; On                 ;
; Limit AHDL Integers to 32 Bits                                             ; Off                ; Off                ;
; Optimization Technique                                                     ; Balanced           ; Balanced           ;
; Carry Chain Length                                                         ; 70                 ; 70                 ;
; Auto Carry Chains                                                          ; On                 ; On                 ;
; Auto Open-Drain Pins                                                       ; On                 ; On                 ;
; Perform WYSIWYG Primitive Resynthesis                                      ; Off                ; Off                ;
; Auto ROM Replacement                                                       ; On                 ; On                 ;
; Auto RAM Replacement                                                       ; On                 ; On                 ;
; Auto DSP Block Replacement                                                 ; On                 ; On                 ;
; Auto Shift Register Replacement                                            ; Auto               ; Auto               ;
; Allow Shift Register Merging across Hierarchies                            ; Auto               ; Auto               ;
; Auto Clock Enable Replacement                                              ; On                 ; On                 ;
; Strict RAM Replacement                                                     ; Off                ; Off                ;
; Allow Synchronous Control Signals                                          ; On                 ; On                 ;
; Force Use of Synchronous Clear Signals                                     ; Off                ; Off                ;
; Auto RAM Block Balancing                                                   ; On                 ; On                 ;
; Auto RAM to Logic Cell Conversion                                          ; Off                ; Off                ;
; Auto Resource Sharing                                                      ; Off                ; Off                ;
; Allow Any RAM Size For Recognition                                         ; Off                ; Off                ;
; Allow Any ROM Size For Recognition                                         ; Off                ; Off                ;
; Allow Any Shift Register Size For Recognition                              ; Off                ; Off                ;
; Use LogicLock Constraints during Resource Balancing                        ; On                 ; On                 ;
; Ignore translate_off and synthesis_off directives                          ; Off                ; Off                ;
; Timing-Driven Synthesis                                                    ; On                 ; On                 ;
; Report Parameter Settings                                                  ; On                 ; On                 ;
; Report Source Assignments                                                  ; On                 ; On                 ;
; Report Connectivity Checks                                                 ; On                 ; On                 ;
; Ignore Maximum Fan-Out Assignments                                         ; Off                ; Off                ;
; Synchronization Register Chain Length                                      ; 2                  ; 2                  ;
; Power Optimization During Synthesis                                        ; Normal compilation ; Normal compilation ;
; HDL message level                                                          ; Level2             ; Level2             ;
; Suppress Register Optimization Related Messages                            ; Off                ; Off                ;
; Number of Removed Registers Reported in Synthesis Report                   ; 5000               ; 5000               ;
; Number of Swept Nodes Reported in Synthesis Report                         ; 5000               ; 5000               ;
; Number of Inverted Registers Reported in Synthesis Report                  ; 100                ; 100                ;
; Clock MUX Protection                                                       ; On                 ; On                 ;
; Auto Gated Clock Conversion                                                ; Off                ; Off                ;
; Block Design Naming                                                        ; Auto               ; Auto               ;
; SDC constraint protection                                                  ; Off                ; Off                ;
; Synthesis Effort                                                           ; Auto               ; Auto               ;
; Shift Register Replacement - Allow Asynchronous Clear Signal               ; On                 ; On                 ;
; Pre-Mapping Resynthesis Optimization                                       ; Off                ; Off                ;
; Analysis & Synthesis Message Level                                         ; Medium             ; Medium             ;
; Disable Register Merging Across Hierarchies                                ; Auto               ; Auto               ;
; Resource Aware Inference For Block RAM                                     ; On                 ; On                 ;
+----------------------------------------------------------------------------+--------------------+--------------------+


+------------------------------------------+
; Parallel Compilation                     ;
+----------------------------+-------------+
; Processors                 ; Number      ;
+----------------------------+-------------+
; Number detected on machine ; 4           ;
; Maximum allowed            ; 2           ;
;                            ;             ;
; Average used               ; 1.00        ;
; Maximum used               ; 2           ;
;                            ;             ;
; Usage by Processor         ; % Time Used ;
;     Processor 1            ; 100.0%      ;
;     Processor 2            ;   0.0%      ;
+----------------------------+-------------+


+------------------------------------------------------------------------------------------------------------------------------------------------------------------------------------+
; Analysis & Synthesis Source Files Read                                                                                                                                             ;
+----------------------------------+-----------------+------------------------------------+--------------------------------------------------------------------------------+---------+
; File Name with User-Entered Path ; Used in Netlist ; File Type                          ; File Name with Absolute Path                                                   ; Library ;
+----------------------------------+-----------------+------------------------------------+--------------------------------------------------------------------------------+---------+
; ram.v                            ; yes             ; User Wizard-Generated File         ; D:/repos/hse_SoC_labs/II/Lab7/ram.v                                            ;         ;
; add.v                            ; yes             ; User Wizard-Generated File         ; D:/repos/hse_SoC_labs/II/Lab7/add.v                                            ;         ;
; adder.bdf                        ; yes             ; User Block Diagram/Schematic File  ; D:/repos/hse_SoC_labs/II/Lab7/adder.bdf                                        ;         ;
; comparate.v                      ; yes             ; User Wizard-Generated File         ; D:/repos/hse_SoC_labs/II/Lab7/comparate.v                                      ;         ;
; for_sh.bdf                       ; yes             ; User Block Diagram/Schematic File  ; D:/repos/hse_SoC_labs/II/Lab7/for_sh.bdf                                       ;         ;
; lpm_compare.tdf                  ; yes             ; Megafunction                       ; d:/intelfpga_lite/17.1/quartus/libraries/megafunctions/lpm_compare.tdf         ;         ;
; comptree.inc                     ; yes             ; Megafunction                       ; d:/intelfpga_lite/17.1/quartus/libraries/megafunctions/comptree.inc            ;         ;
; altshift.inc                     ; yes             ; Megafunction                       ; d:/intelfpga_lite/17.1/quartus/libraries/megafunctions/altshift.inc            ;         ;
; aglobal171.inc                   ; yes             ; Megafunction                       ; d:/intelfpga_lite/17.1/quartus/libraries/megafunctions/aglobal171.inc          ;         ;
; db/cmpr_umi.tdf                  ; yes             ; Auto-Generated Megafunction        ; D:/repos/hse_SoC_labs/II/Lab7/db/cmpr_umi.tdf                                  ;         ;
; counter.v                        ; yes             ; Auto-Found Wizard-Generated File   ; D:/repos/hse_SoC_labs/II/Lab7/counter.v                                        ;         ;
; lpm_counter.tdf                  ; yes             ; Megafunction                       ; d:/intelfpga_lite/17.1/quartus/libraries/megafunctions/lpm_counter.tdf         ;         ;
; lpm_constant.inc                 ; yes             ; Megafunction                       ; d:/intelfpga_lite/17.1/quartus/libraries/megafunctions/lpm_constant.inc        ;         ;
; lpm_decode.inc                   ; yes             ; Megafunction                       ; d:/intelfpga_lite/17.1/quartus/libraries/megafunctions/lpm_decode.inc          ;         ;
; lpm_add_sub.inc                  ; yes             ; Megafunction                       ; d:/intelfpga_lite/17.1/quartus/libraries/megafunctions/lpm_add_sub.inc         ;         ;
; cmpconst.inc                     ; yes             ; Megafunction                       ; d:/intelfpga_lite/17.1/quartus/libraries/megafunctions/cmpconst.inc            ;         ;
; lpm_compare.inc                  ; yes             ; Megafunction                       ; d:/intelfpga_lite/17.1/quartus/libraries/megafunctions/lpm_compare.inc         ;         ;
; lpm_counter.inc                  ; yes             ; Megafunction                       ; d:/intelfpga_lite/17.1/quartus/libraries/megafunctions/lpm_counter.inc         ;         ;
; dffeea.inc                       ; yes             ; Megafunction                       ; d:/intelfpga_lite/17.1/quartus/libraries/megafunctions/dffeea.inc              ;         ;
; alt_counter_stratix.inc          ; yes             ; Megafunction                       ; d:/intelfpga_lite/17.1/quartus/libraries/megafunctions/alt_counter_stratix.inc ;         ;
; db/cntr_6ih.tdf                  ; yes             ; Auto-Generated Megafunction        ; D:/repos/hse_SoC_labs/II/Lab7/db/cntr_6ih.tdf                                  ;         ;
; parallel_add.tdf                 ; yes             ; Megafunction                       ; d:/intelfpga_lite/17.1/quartus/libraries/megafunctions/parallel_add.tdf        ;         ;
; pcpa_add.inc                     ; yes             ; Megafunction                       ; d:/intelfpga_lite/17.1/quartus/libraries/megafunctions/pcpa_add.inc            ;         ;
; csa_add.inc                      ; yes             ; Megafunction                       ; d:/intelfpga_lite/17.1/quartus/libraries/megafunctions/csa_add.inc             ;         ;
; db/par_add_4qe.tdf               ; yes             ; Auto-Generated Megafunction        ; D:/repos/hse_SoC_labs/II/Lab7/db/par_add_4qe.tdf                               ;         ;
; altsyncram.tdf                   ; yes             ; Megafunction                       ; d:/intelfpga_lite/17.1/quartus/libraries/megafunctions/altsyncram.tdf          ;         ;
; stratix_ram_block.inc            ; yes             ; Megafunction                       ; d:/intelfpga_lite/17.1/quartus/libraries/megafunctions/stratix_ram_block.inc   ;         ;
; lpm_mux.inc                      ; yes             ; Megafunction                       ; d:/intelfpga_lite/17.1/quartus/libraries/megafunctions/lpm_mux.inc             ;         ;
; a_rdenreg.inc                    ; yes             ; Megafunction                       ; d:/intelfpga_lite/17.1/quartus/libraries/megafunctions/a_rdenreg.inc           ;         ;
; altrom.inc                       ; yes             ; Megafunction                       ; d:/intelfpga_lite/17.1/quartus/libraries/megafunctions/altrom.inc              ;         ;
; altram.inc                       ; yes             ; Megafunction                       ; d:/intelfpga_lite/17.1/quartus/libraries/megafunctions/altram.inc              ;         ;
; altdpram.inc                     ; yes             ; Megafunction                       ; d:/intelfpga_lite/17.1/quartus/libraries/megafunctions/altdpram.inc            ;         ;
; db/altsyncram_41h2.tdf           ; yes             ; Auto-Generated Megafunction        ; D:/repos/hse_SoC_labs/II/Lab7/db/altsyncram_41h2.tdf                           ;         ;
+----------------------------------+-----------------+------------------------------------+--------------------------------------------------------------------------------+---------+


+-------------------------------------------------------------------+
; Analysis & Synthesis Resource Usage Summary                       ;
+---------------------------------------------+---------------------+
; Resource                                    ; Usage               ;
+---------------------------------------------+---------------------+
; Estimated Total logic elements              ; 51                  ;
;                                             ;                     ;
; Total combinational functions               ; 27                  ;
; Logic element usage by number of LUT inputs ;                     ;
;     -- 4 input functions                    ; 1                   ;
;     -- 3 input functions                    ; 14                  ;
;     -- <=2 input functions                  ; 12                  ;
;                                             ;                     ;
; Logic elements by mode                      ;                     ;
;     -- normal mode                          ; 6                   ;
;     -- arithmetic mode                      ; 21                  ;
;                                             ;                     ;
; Total registers                             ; 40                  ;
;     -- Dedicated logic registers            ; 40                  ;
;     -- I/O registers                        ; 0                   ;
;                                             ;                     ;
; I/O pins                                    ; 11                  ;
; Total memory bits                           ; 16                  ;
;                                             ;                     ;
; Embedded Multiplier 9-bit elements          ; 0                   ;
;                                             ;                     ;
; Maximum fan-out node                        ; MAX10_CLK1_50~input ;
; Maximum fan-out                             ; 49                  ;
; Total fan-out                               ; 208                 ;
; Average fan-out                             ; 2.14                ;
+---------------------------------------------+---------------------+


+------------------------------------------------------------------------------------------------------------------------------------------------------------------------------------------------------------------------------------------------------------------------------------------------------------------------------------+
; Analysis & Synthesis Resource Utilization by Entity                                                                                                                                                                                                                                                                                ;
+------------------------------------------------+---------------------+---------------------------+-------------+------------+--------------+---------+-----------+------+--------------+------------+---------------------------------------------------------------------------------------------+-----------------+--------------+
; Compilation Hierarchy Node                     ; Combinational ALUTs ; Dedicated Logic Registers ; Memory Bits ; UFM Blocks ; DSP Elements ; DSP 9x9 ; DSP 18x18 ; Pins ; Virtual Pins ; ADC blocks ; Full Hierarchy Name                                                                         ; Entity Name     ; Library Name ;
+------------------------------------------------+---------------------+---------------------------+-------------+------------+--------------+---------+-----------+------+--------------+------------+---------------------------------------------------------------------------------------------+-----------------+--------------+
; |for_sh                                        ; 27 (1)              ; 40 (0)                    ; 16          ; 0          ; 0            ; 0       ; 0         ; 11   ; 0            ; 0          ; |for_sh                                                                                     ; for_sh          ; work         ;
;    |adder:inst|                                ; 16 (8)              ; 32 (8)                    ; 16          ; 0          ; 0            ; 0       ; 0         ; 0    ; 0            ; 0          ; |for_sh|adder:inst                                                                          ; adder           ; work         ;
;       |add:inst1|                              ; 8 (0)               ; 24 (0)                    ; 0           ; 0          ; 0            ; 0       ; 0         ; 0    ; 0            ; 0          ; |for_sh|adder:inst|add:inst1                                                                ; add             ; work         ;
;          |parallel_add:parallel_add_component| ; 8 (0)               ; 24 (0)                    ; 0           ; 0          ; 0            ; 0       ; 0         ; 0    ; 0            ; 0          ; |for_sh|adder:inst|add:inst1|parallel_add:parallel_add_component                            ; parallel_add    ; work         ;
;             |par_add_4qe:auto_generated|       ; 8 (8)               ; 24 (24)                   ; 0           ; 0          ; 0            ; 0       ; 0         ; 0    ; 0            ; 0          ; |for_sh|adder:inst|add:inst1|parallel_add:parallel_add_component|par_add_4qe:auto_generated ; par_add_4qe     ; work         ;
;       |ram:inst|                               ; 0 (0)               ; 0 (0)                     ; 16          ; 0          ; 0            ; 0       ; 0         ; 0    ; 0            ; 0          ; |for_sh|adder:inst|ram:inst                                                                 ; ram             ; work         ;
;          |altsyncram:altsyncram_component|     ; 0 (0)               ; 0 (0)                     ; 16          ; 0          ; 0            ; 0       ; 0         ; 0    ; 0            ; 0          ; |for_sh|adder:inst|ram:inst|altsyncram:altsyncram_component                                 ; altsyncram      ; work         ;
;             |altsyncram_41h2:auto_generated|   ; 0 (0)               ; 0 (0)                     ; 16          ; 0          ; 0            ; 0       ; 0         ; 0    ; 0            ; 0          ; |for_sh|adder:inst|ram:inst|altsyncram:altsyncram_component|altsyncram_41h2:auto_generated  ; altsyncram_41h2 ; work         ;
;    |comparate:inst4|                           ; 2 (0)               ; 0 (0)                     ; 0           ; 0          ; 0            ; 0       ; 0         ; 0    ; 0            ; 0          ; |for_sh|comparate:inst4                                                                     ; comparate       ; work         ;
;       |lpm_compare:LPM_COMPARE_component|      ; 2 (0)               ; 0 (0)                     ; 0           ; 0          ; 0            ; 0       ; 0         ; 0    ; 0            ; 0          ; |for_sh|comparate:inst4|lpm_compare:LPM_COMPARE_component                                   ; lpm_compare     ; work         ;
;          |cmpr_umi:auto_generated|             ; 2 (2)               ; 0 (0)                     ; 0           ; 0          ; 0            ; 0       ; 0         ; 0    ; 0            ; 0          ; |for_sh|comparate:inst4|lpm_compare:LPM_COMPARE_component|cmpr_umi:auto_generated           ; cmpr_umi        ; work         ;
;    |counter:inst2|                             ; 8 (0)               ; 8 (0)                     ; 0           ; 0          ; 0            ; 0       ; 0         ; 0    ; 0            ; 0          ; |for_sh|counter:inst2                                                                       ; counter         ; work         ;
;       |lpm_counter:LPM_COUNTER_component|      ; 8 (0)               ; 8 (0)                     ; 0           ; 0          ; 0            ; 0       ; 0         ; 0    ; 0            ; 0          ; |for_sh|counter:inst2|lpm_counter:LPM_COUNTER_component                                     ; lpm_counter     ; work         ;
;          |cntr_6ih:auto_generated|             ; 8 (8)               ; 8 (8)                     ; 0           ; 0          ; 0            ; 0       ; 0         ; 0    ; 0            ; 0          ; |for_sh|counter:inst2|lpm_counter:LPM_COUNTER_component|cntr_6ih:auto_generated             ; cntr_6ih        ; work         ;
+------------------------------------------------+---------------------+---------------------------+-------------+------------+--------------+---------+-----------+------+--------------+------------+---------------------------------------------------------------------------------------------+-----------------+--------------+
Note: For table entries with two numbers listed, the numbers in parentheses indicate the number of resources of the given type used by the specific entity alone. The numbers listed outside of parentheses indicate the total resources of the given type used by the specific entity and all of its sub-entities in the hierarchy.


+-------------------------------------------------------------------------------------------------------------------------------------------------------------------------------------------------+
; Analysis & Synthesis RAM Summary                                                                                                                                                                ;
+-----------------------------------------------------------------------------------------------+------+----------------+--------------+--------------+--------------+--------------+------+------+
; Name                                                                                          ; Type ; Mode           ; Port A Depth ; Port A Width ; Port B Depth ; Port B Width ; Size ; MIF  ;
+-----------------------------------------------------------------------------------------------+------+----------------+--------------+--------------+--------------+--------------+------+------+
; adder:inst|ram:inst|altsyncram:altsyncram_component|altsyncram_41h2:auto_generated|ALTSYNCRAM ; AUTO ; True Dual Port ; 32           ; 8            ; 32           ; 8            ; 256  ; None ;
+-----------------------------------------------------------------------------------------------+------+----------------+--------------+--------------+--------------+--------------+------+------+


+----------------------------------------------------------------------------------------------------------------+
; Analysis & Synthesis IP Cores Summary                                                                          ;
+--------+--------------+---------+--------------+--------------+------------------------------+-----------------+
; Vendor ; IP Core Name ; Version ; Release Date ; License Type ; Entity Instance              ; IP Include File ;
+--------+--------------+---------+--------------+--------------+------------------------------+-----------------+
; Altera ; RAM: 2-PORT  ; 17.1    ; N/A          ; N/A          ; |for_sh|adder:inst|ram:inst  ; ram.v           ;
; Altera ; PARALLEL_ADD ; 17.1    ; N/A          ; N/A          ; |for_sh|adder:inst|add:inst1 ; add.v           ;
; Altera ; LPM_COMPARE  ; 17.1    ; N/A          ; N/A          ; |for_sh|comparate:inst4      ; comparate.v     ;
+--------+--------------+---------+--------------+--------------+------------------------------+-----------------+


+-------------------------------------------------------------------------------------------------------------------------------------+
; Registers Removed During Synthesis                                                                                                  ;
+--------------------------------------------------------------------------------------------+----------------------------------------+
; Register name                                                                              ; Reason for Removal                     ;
+--------------------------------------------------------------------------------------------+----------------------------------------+
; adder:inst|add:inst1|parallel_add:parallel_add_component|par_add_4qe:auto_generated|dffe1  ; Stuck at GND due to stuck port data_in ;
; adder:inst|add:inst1|parallel_add:parallel_add_component|par_add_4qe:auto_generated|dffe13 ; Stuck at GND due to stuck port data_in ;
; adder:inst|add:inst1|parallel_add:parallel_add_component|par_add_4qe:auto_generated|dffe17 ; Stuck at GND due to stuck port data_in ;
; adder:inst|add:inst1|parallel_add:parallel_add_component|par_add_4qe:auto_generated|dffe21 ; Stuck at GND due to stuck port data_in ;
; adder:inst|add:inst1|parallel_add:parallel_add_component|par_add_4qe:auto_generated|dffe25 ; Stuck at GND due to stuck port data_in ;
; adder:inst|add:inst1|parallel_add:parallel_add_component|par_add_4qe:auto_generated|dffe29 ; Stuck at GND due to stuck port data_in ;
; adder:inst|add:inst1|parallel_add:parallel_add_component|par_add_4qe:auto_generated|dffe33 ; Stuck at GND due to stuck port data_in ;
; adder:inst|add:inst1|parallel_add:parallel_add_component|par_add_4qe:auto_generated|dffe34 ; Stuck at GND due to stuck port data_in ;
; adder:inst|add:inst1|parallel_add:parallel_add_component|par_add_4qe:auto_generated|dffe35 ; Stuck at GND due to stuck port data_in ;
; adder:inst|add:inst1|parallel_add:parallel_add_component|par_add_4qe:auto_generated|dffe36 ; Stuck at GND due to stuck port data_in ;
; adder:inst|add:inst1|parallel_add:parallel_add_component|par_add_4qe:auto_generated|dffe5  ; Stuck at GND due to stuck port data_in ;
; adder:inst|add:inst1|parallel_add:parallel_add_component|par_add_4qe:auto_generated|dffe9  ; Stuck at GND due to stuck port data_in ;
; Total Number of Removed Registers = 12                                                     ;                                        ;
+--------------------------------------------------------------------------------------------+----------------------------------------+


+------------------------------------------------------+
; General Register Statistics                          ;
+----------------------------------------------+-------+
; Statistic                                    ; Value ;
+----------------------------------------------+-------+
; Total registers                              ; 40    ;
; Number of registers using Synchronous Clear  ; 0     ;
; Number of registers using Synchronous Load   ; 0     ;
; Number of registers using Asynchronous Clear ; 16    ;
; Number of registers using Asynchronous Load  ; 0     ;
; Number of registers using Clock Enable       ; 0     ;
; Number of registers using Preset             ; 0     ;
+----------------------------------------------+-------+


+------------------------------------------------------------------------------------------------------------+
; Source assignments for adder:inst|add:inst1|parallel_add:parallel_add_component|par_add_4qe:auto_generated ;
+----------------+-------+------+----------------------------------------------------------------------------+
; Assignment     ; Value ; From ; To                                                                         ;
+----------------+-------+------+----------------------------------------------------------------------------+
; POWER_UP_LEVEL ; LOW   ; -    ; dffe1                                                                      ;
; POWER_UP_LEVEL ; LOW   ; -    ; dffe10                                                                     ;
; POWER_UP_LEVEL ; LOW   ; -    ; dffe11                                                                     ;
; POWER_UP_LEVEL ; LOW   ; -    ; dffe12                                                                     ;
; POWER_UP_LEVEL ; LOW   ; -    ; dffe13                                                                     ;
; POWER_UP_LEVEL ; LOW   ; -    ; dffe14                                                                     ;
; POWER_UP_LEVEL ; LOW   ; -    ; dffe15                                                                     ;
; POWER_UP_LEVEL ; LOW   ; -    ; dffe16                                                                     ;
; POWER_UP_LEVEL ; LOW   ; -    ; dffe17                                                                     ;
; POWER_UP_LEVEL ; LOW   ; -    ; dffe18                                                                     ;
; POWER_UP_LEVEL ; LOW   ; -    ; dffe19                                                                     ;
; POWER_UP_LEVEL ; LOW   ; -    ; dffe2                                                                      ;
; POWER_UP_LEVEL ; LOW   ; -    ; dffe20                                                                     ;
; POWER_UP_LEVEL ; LOW   ; -    ; dffe21                                                                     ;
; POWER_UP_LEVEL ; LOW   ; -    ; dffe22                                                                     ;
; POWER_UP_LEVEL ; LOW   ; -    ; dffe23                                                                     ;
; POWER_UP_LEVEL ; LOW   ; -    ; dffe24                                                                     ;
; POWER_UP_LEVEL ; LOW   ; -    ; dffe25                                                                     ;
; POWER_UP_LEVEL ; LOW   ; -    ; dffe26                                                                     ;
; POWER_UP_LEVEL ; LOW   ; -    ; dffe27                                                                     ;
; POWER_UP_LEVEL ; LOW   ; -    ; dffe28                                                                     ;
; POWER_UP_LEVEL ; LOW   ; -    ; dffe29                                                                     ;
; POWER_UP_LEVEL ; LOW   ; -    ; dffe3                                                                      ;
; POWER_UP_LEVEL ; LOW   ; -    ; dffe30                                                                     ;
; POWER_UP_LEVEL ; LOW   ; -    ; dffe31                                                                     ;
; POWER_UP_LEVEL ; LOW   ; -    ; dffe32                                                                     ;
; POWER_UP_LEVEL ; LOW   ; -    ; dffe33                                                                     ;
; POWER_UP_LEVEL ; LOW   ; -    ; dffe34                                                                     ;
; POWER_UP_LEVEL ; LOW   ; -    ; dffe35                                                                     ;
; POWER_UP_LEVEL ; LOW   ; -    ; dffe36                                                                     ;
; POWER_UP_LEVEL ; LOW   ; -    ; dffe4                                                                      ;
; POWER_UP_LEVEL ; LOW   ; -    ; dffe5                                                                      ;
; POWER_UP_LEVEL ; LOW   ; -    ; dffe6                                                                      ;
; POWER_UP_LEVEL ; LOW   ; -    ; dffe7                                                                      ;
; POWER_UP_LEVEL ; LOW   ; -    ; dffe8                                                                      ;
; POWER_UP_LEVEL ; LOW   ; -    ; dffe9                                                                      ;
+----------------+-------+------+----------------------------------------------------------------------------+


+-----------------------------------------------------------------------------------------------------------+
; Source assignments for adder:inst|ram:inst|altsyncram:altsyncram_component|altsyncram_41h2:auto_generated ;
+---------------------------------+--------------------+------+---------------------------------------------+
; Assignment                      ; Value              ; From ; To                                          ;
+---------------------------------+--------------------+------+---------------------------------------------+
; OPTIMIZE_POWER_DURING_SYNTHESIS ; NORMAL_COMPILATION ; -    ; -                                           ;
+---------------------------------+--------------------+------+---------------------------------------------+


+------------------------------------------------------------------------------------------------+
; Parameter Settings for User Entity Instance: comparate:inst4|lpm_compare:LPM_COMPARE_component ;
+------------------------+----------+------------------------------------------------------------+
; Parameter Name         ; Value    ; Type                                                       ;
+------------------------+----------+------------------------------------------------------------+
; lpm_width              ; 8        ; Signed Integer                                             ;
; LPM_REPRESENTATION     ; UNSIGNED ; Untyped                                                    ;
; LPM_PIPELINE           ; 0        ; Untyped                                                    ;
; CHAIN_SIZE             ; 8        ; Untyped                                                    ;
; ONE_INPUT_IS_CONSTANT  ; YES      ; Untyped                                                    ;
; CARRY_CHAIN            ; MANUAL   ; Untyped                                                    ;
; CASCADE_CHAIN          ; MANUAL   ; Untyped                                                    ;
; CARRY_CHAIN_LENGTH     ; 48       ; CARRY_CHAIN_LENGTH                                         ;
; CASCADE_CHAIN_LENGTH   ; 2        ; CASCADE_CHAIN_LENGTH                                       ;
; DEVICE_FAMILY          ; MAX 10   ; Untyped                                                    ;
; CBXI_PARAMETER         ; cmpr_umi ; Untyped                                                    ;
; AUTO_CARRY_CHAINS      ; ON       ; AUTO_CARRY                                                 ;
; IGNORE_CARRY_BUFFERS   ; OFF      ; IGNORE_CARRY                                               ;
; AUTO_CASCADE_CHAINS    ; ON       ; AUTO_CASCADE                                               ;
; IGNORE_CASCADE_BUFFERS ; OFF      ; IGNORE_CASCADE                                             ;
+------------------------+----------+------------------------------------------------------------+
Note: In order to hide this table in the UI and the text report file, please set the "Show Parameter Settings in Synthesis Report" option in "Analysis and Synthesis Settings -> More Settings" to "Off".


+----------------------------------------------------------------------------------------------+
; Parameter Settings for User Entity Instance: counter:inst2|lpm_counter:LPM_COUNTER_component ;
+------------------------+-------------+-------------------------------------------------------+
; Parameter Name         ; Value       ; Type                                                  ;
+------------------------+-------------+-------------------------------------------------------+
; AUTO_CARRY_CHAINS      ; ON          ; AUTO_CARRY                                            ;
; IGNORE_CARRY_BUFFERS   ; OFF         ; IGNORE_CARRY                                          ;
; AUTO_CASCADE_CHAINS    ; ON          ; AUTO_CASCADE                                          ;
; IGNORE_CASCADE_BUFFERS ; OFF         ; IGNORE_CASCADE                                        ;
; LPM_WIDTH              ; 8           ; Signed Integer                                        ;
; LPM_DIRECTION          ; UP          ; Untyped                                               ;
; LPM_MODULUS            ; 0           ; Untyped                                               ;
; LPM_AVALUE             ; UNUSED      ; Untyped                                               ;
; LPM_SVALUE             ; UNUSED      ; Untyped                                               ;
; LPM_PORT_UPDOWN        ; PORT_UNUSED ; Untyped                                               ;
; DEVICE_FAMILY          ; MAX 10      ; Untyped                                               ;
; CARRY_CHAIN            ; MANUAL      ; Untyped                                               ;
; CARRY_CHAIN_LENGTH     ; 48          ; CARRY_CHAIN_LENGTH                                    ;
; NOT_GATE_PUSH_BACK     ; ON          ; NOT_GATE_PUSH_BACK                                    ;
; CARRY_CNT_EN           ; SMART       ; Untyped                                               ;
; LABWIDE_SCLR           ; ON          ; Untyped                                               ;
; USE_NEW_VERSION        ; TRUE        ; Untyped                                               ;
; CBXI_PARAMETER         ; cntr_6ih    ; Untyped                                               ;
+------------------------+-------------+-------------------------------------------------------+
Note: In order to hide this table in the UI and the text report file, please set the "Show Parameter Settings in Synthesis Report" option in "Analysis and Synthesis Settings -> More Settings" to "Off".


+-------------------------------------------------------------------------------------------------------+
; Parameter Settings for User Entity Instance: adder:inst|add:inst1|parallel_add:parallel_add_component ;
+------------------------+-------------+----------------------------------------------------------------+
; Parameter Name         ; Value       ; Type                                                           ;
+------------------------+-------------+----------------------------------------------------------------+
; width                  ; 8           ; Signed Integer                                                 ;
; size                   ; 8           ; Signed Integer                                                 ;
; WIDTHR                 ; 11          ; Signed Integer                                                 ;
; SHIFT                  ; 0           ; Signed Integer                                                 ;
; REPRESENTATION         ; UNSIGNED    ; Untyped                                                        ;
; PIPELINE               ; 1           ; Signed Integer                                                 ;
; MSW_SUBTRACT           ; NO          ; Untyped                                                        ;
; DEVICE_FAMILY          ; MAX 10      ; Untyped                                                        ;
; CARRY_CHAIN            ; MANUAL      ; Untyped                                                        ;
; CBXI_PARAMETER         ; par_add_4qe ; Untyped                                                        ;
; AUTO_CARRY_CHAINS      ; ON          ; AUTO_CARRY                                                     ;
; IGNORE_CARRY_BUFFERS   ; OFF         ; IGNORE_CARRY                                                   ;
; AUTO_CASCADE_CHAINS    ; ON          ; AUTO_CASCADE                                                   ;
; IGNORE_CASCADE_BUFFERS ; OFF         ; IGNORE_CASCADE                                                 ;
+------------------------+-------------+----------------------------------------------------------------+
Note: In order to hide this table in the UI and the text report file, please set the "Show Parameter Settings in Synthesis Report" option in "Analysis and Synthesis Settings -> More Settings" to "Off".


+--------------------------------------------------------------------------------------------------+
; Parameter Settings for User Entity Instance: adder:inst|ram:inst|altsyncram:altsyncram_component ;
+------------------------------------+------------------------+------------------------------------+
; Parameter Name                     ; Value                  ; Type                               ;
+------------------------------------+------------------------+------------------------------------+
; BYTE_SIZE_BLOCK                    ; 8                      ; Untyped                            ;
; AUTO_CARRY_CHAINS                  ; ON                     ; AUTO_CARRY                         ;
; IGNORE_CARRY_BUFFERS               ; OFF                    ; IGNORE_CARRY                       ;
; AUTO_CASCADE_CHAINS                ; ON                     ; AUTO_CASCADE                       ;
; IGNORE_CASCADE_BUFFERS             ; OFF                    ; IGNORE_CASCADE                     ;
; WIDTH_BYTEENA                      ; 1                      ; Untyped                            ;
; OPERATION_MODE                     ; BIDIR_DUAL_PORT        ; Untyped                            ;
; WIDTH_A                            ; 8                      ; Signed Integer                     ;
; WIDTHAD_A                          ; 5                      ; Signed Integer                     ;
; NUMWORDS_A                         ; 32                     ; Signed Integer                     ;
; OUTDATA_REG_A                      ; UNREGISTERED           ; Untyped                            ;
; ADDRESS_ACLR_A                     ; NONE                   ; Untyped                            ;
; OUTDATA_ACLR_A                     ; NONE                   ; Untyped                            ;
; WRCONTROL_ACLR_A                   ; NONE                   ; Untyped                            ;
; INDATA_ACLR_A                      ; NONE                   ; Untyped                            ;
; BYTEENA_ACLR_A                     ; NONE                   ; Untyped                            ;
; WIDTH_B                            ; 8                      ; Signed Integer                     ;
; WIDTHAD_B                          ; 5                      ; Signed Integer                     ;
; NUMWORDS_B                         ; 32                     ; Signed Integer                     ;
; INDATA_REG_B                       ; CLOCK0                 ; Untyped                            ;
; WRCONTROL_WRADDRESS_REG_B          ; CLOCK0                 ; Untyped                            ;
; RDCONTROL_REG_B                    ; CLOCK1                 ; Untyped                            ;
; ADDRESS_REG_B                      ; CLOCK0                 ; Untyped                            ;
; OUTDATA_REG_B                      ; UNREGISTERED           ; Untyped                            ;
; BYTEENA_REG_B                      ; CLOCK1                 ; Untyped                            ;
; INDATA_ACLR_B                      ; NONE                   ; Untyped                            ;
; WRCONTROL_ACLR_B                   ; NONE                   ; Untyped                            ;
; ADDRESS_ACLR_B                     ; NONE                   ; Untyped                            ;
; OUTDATA_ACLR_B                     ; NONE                   ; Untyped                            ;
; RDCONTROL_ACLR_B                   ; NONE                   ; Untyped                            ;
; BYTEENA_ACLR_B                     ; NONE                   ; Untyped                            ;
; WIDTH_BYTEENA_A                    ; 1                      ; Signed Integer                     ;
; WIDTH_BYTEENA_B                    ; 1                      ; Signed Integer                     ;
; RAM_BLOCK_TYPE                     ; AUTO                   ; Untyped                            ;
; BYTE_SIZE                          ; 8                      ; Untyped                            ;
; READ_DURING_WRITE_MODE_MIXED_PORTS ; DONT_CARE              ; Untyped                            ;
; READ_DURING_WRITE_MODE_PORT_A      ; NEW_DATA_WITH_NBE_READ ; Untyped                            ;
; READ_DURING_WRITE_MODE_PORT_B      ; NEW_DATA_WITH_NBE_READ ; Untyped                            ;
; INIT_FILE                          ; UNUSED                 ; Untyped                            ;
; INIT_FILE_LAYOUT                   ; PORT_A                 ; Untyped                            ;
; MAXIMUM_DEPTH                      ; 0                      ; Untyped                            ;
; CLOCK_ENABLE_INPUT_A               ; BYPASS                 ; Untyped                            ;
; CLOCK_ENABLE_INPUT_B               ; BYPASS                 ; Untyped                            ;
; CLOCK_ENABLE_OUTPUT_A              ; BYPASS                 ; Untyped                            ;
; CLOCK_ENABLE_OUTPUT_B              ; BYPASS                 ; Untyped                            ;
; CLOCK_ENABLE_CORE_A                ; USE_INPUT_CLKEN        ; Untyped                            ;
; CLOCK_ENABLE_CORE_B                ; USE_INPUT_CLKEN        ; Untyped                            ;
; ENABLE_ECC                         ; FALSE                  ; Untyped                            ;
; ECC_PIPELINE_STAGE_ENABLED         ; FALSE                  ; Untyped                            ;
; WIDTH_ECCSTATUS                    ; 3                      ; Untyped                            ;
; DEVICE_FAMILY                      ; MAX 10                 ; Untyped                            ;
; CBXI_PARAMETER                     ; altsyncram_41h2        ; Untyped                            ;
+------------------------------------+------------------------+------------------------------------+
Note: In order to hide this table in the UI and the text report file, please set the "Show Parameter Settings in Synthesis Report" option in "Analysis and Synthesis Settings -> More Settings" to "Off".


+-------------------------------------------------------------------------------------------------+
; altsyncram Parameter Settings by Entity Instance                                                ;
+-------------------------------------------+-----------------------------------------------------+
; Name                                      ; Value                                               ;
+-------------------------------------------+-----------------------------------------------------+
; Number of entity instances                ; 1                                                   ;
; Entity Instance                           ; adder:inst|ram:inst|altsyncram:altsyncram_component ;
;     -- OPERATION_MODE                     ; BIDIR_DUAL_PORT                                     ;
;     -- WIDTH_A                            ; 8                                                   ;
;     -- NUMWORDS_A                         ; 32                                                  ;
;     -- OUTDATA_REG_A                      ; UNREGISTERED                                        ;
;     -- WIDTH_B                            ; 8                                                   ;
;     -- NUMWORDS_B                         ; 32                                                  ;
;     -- ADDRESS_REG_B                      ; CLOCK0                                              ;
;     -- OUTDATA_REG_B                      ; UNREGISTERED                                        ;
;     -- RAM_BLOCK_TYPE                     ; AUTO                                                ;
;     -- READ_DURING_WRITE_MODE_MIXED_PORTS ; DONT_CARE                                           ;
+-------------------------------------------+-----------------------------------------------------+


+-----------------------------------------------------+
; Post-Synthesis Netlist Statistics for Top Partition ;
+-----------------------+-----------------------------+
; Type                  ; Count                       ;
+-----------------------+-----------------------------+
; boundary_port         ; 11                          ;
; cycloneiii_ff         ; 40                          ;
;     CLR               ; 16                          ;
;     plain             ; 24                          ;
; cycloneiii_lcell_comb ; 27                          ;
;     arith             ; 21                          ;
;         2 data inputs ; 7                           ;
;         3 data inputs ; 14                          ;
;     normal            ; 6                           ;
;         0 data inputs ; 1                           ;
;         1 data inputs ; 1                           ;
;         2 data inputs ; 3                           ;
;         4 data inputs ; 1                           ;
; cycloneiii_ram_block  ; 8                           ;
;                       ;                             ;
; Max LUT depth         ; 2.70                        ;
; Average LUT depth     ; 1.60                        ;
+-----------------------+-----------------------------+


+-------------------------------+
; Elapsed Time Per Partition    ;
+----------------+--------------+
; Partition Name ; Elapsed Time ;
+----------------+--------------+
; Top            ; 00:00:00     ;
+----------------+--------------+


+-------------------------------+
; Analysis & Synthesis Messages ;
+-------------------------------+
Info: *******************************************************************
Info: Running Quartus Prime Analysis & Synthesis
    Info: Version 17.1.0 Build 590 10/25/2017 SJ Lite Edition
    Info: Processing started: Sun May 10 19:18:34 2020
Info: Command: quartus_map --read_settings_files=on --write_settings_files=off lab07 -c lab07
Warning (18236): Number of processors has not been specified which may cause overloading on shared machines.  Set the global assignment NUM_PARALLEL_PROCESSORS in your QSF to an appropriate value for best performance.
Info (20030): Parallel compilation is enabled and will use 2 of the 2 processors detected
Info (12021): Found 1 design units, including 1 entities, in source file ram.v
    Info (12023): Found entity 1: ram File: D:/repos/hse_SoC_labs/II/Lab7/ram.v Line: 39
Info (12021): Found 1 design units, including 1 entities, in source file add.v
    Info (12023): Found entity 1: add File: D:/repos/hse_SoC_labs/II/Lab7/add.v Line: 39
Info (12021): Found 1 design units, including 1 entities, in source file adder.bdf
    Info (12023): Found entity 1: adder
Info (12021): Found 1 design units, including 1 entities, in source file comparate.v
    Info (12023): Found entity 1: comparate File: D:/repos/hse_SoC_labs/II/Lab7/comparate.v Line: 39
Info (12021): Found 1 design units, including 1 entities, in source file compare_freq.v
    Info (12023): Found entity 1: compare_freq File: D:/repos/hse_SoC_labs/II/Lab7/compare_freq.v Line: 39
Info (12021): Found 1 design units, including 1 entities, in source file counter_freq.v
    Info (12023): Found entity 1: counter_freq File: D:/repos/hse_SoC_labs/II/Lab7/counter_freq.v Line: 39
Info (12021): Found 1 design units, including 1 entities, in source file for_sh.bdf
    Info (12023): Found entity 1: for_sh
Info (12021): Found 1 design units, including 1 entities, in source file compare_2.v
    Info (12023): Found entity 1: compare_2 File: D:/repos/hse_SoC_labs/II/Lab7/compare_2.v Line: 39
Info (12127): Elaborating entity "for_sh" for the top level hierarchy
Info (12128): Elaborating entity "comparate" for hierarchy "comparate:inst4"
Info (12128): Elaborating entity "lpm_compare" for hierarchy "comparate:inst4|lpm_compare:LPM_COMPARE_component" File: D:/repos/hse_SoC_labs/II/Lab7/comparate.v Line: 61
Info (12130): Elaborated megafunction instantiation "comparate:inst4|lpm_compare:LPM_COMPARE_component" File: D:/repos/hse_SoC_labs/II/Lab7/comparate.v Line: 61
Info (12133): Instantiated megafunction "comparate:inst4|lpm_compare:LPM_COMPARE_component" with the following parameter: File: D:/repos/hse_SoC_labs/II/Lab7/comparate.v Line: 61
    Info (12134): Parameter "lpm_hint" = "ONE_INPUT_IS_CONSTANT=YES"
    Info (12134): Parameter "lpm_representation" = "UNSIGNED"
    Info (12134): Parameter "lpm_type" = "LPM_COMPARE"
    Info (12134): Parameter "lpm_width" = "8"
Info (12021): Found 1 design units, including 1 entities, in source file db/cmpr_umi.tdf
    Info (12023): Found entity 1: cmpr_umi File: D:/repos/hse_SoC_labs/II/Lab7/db/cmpr_umi.tdf Line: 22
Info (12128): Elaborating entity "cmpr_umi" for hierarchy "comparate:inst4|lpm_compare:LPM_COMPARE_component|cmpr_umi:auto_generated" File: d:/intelfpga_lite/17.1/quartus/libraries/megafunctions/lpm_compare.tdf Line: 280
Warning (12125): Using design file counter.v, which is not specified as a design file for the current project, but contains definitions for 1 design units and 1 entities in project
    Info (12023): Found entity 1: counter File: D:/repos/hse_SoC_labs/II/Lab7/counter.v Line: 39
Info (12128): Elaborating entity "counter" for hierarchy "counter:inst2"
Info (12128): Elaborating entity "lpm_counter" for hierarchy "counter:inst2|lpm_counter:LPM_COUNTER_component" File: D:/repos/hse_SoC_labs/II/Lab7/counter.v Line: 66
Info (12130): Elaborated megafunction instantiation "counter:inst2|lpm_counter:LPM_COUNTER_component" File: D:/repos/hse_SoC_labs/II/Lab7/counter.v Line: 66
Info (12133): Instantiated megafunction "counter:inst2|lpm_counter:LPM_COUNTER_component" with the following parameter: File: D:/repos/hse_SoC_labs/II/Lab7/counter.v Line: 66
    Info (12134): Parameter "lpm_direction" = "UP"
    Info (12134): Parameter "lpm_port_updown" = "PORT_UNUSED"
    Info (12134): Parameter "lpm_type" = "LPM_COUNTER"
    Info (12134): Parameter "lpm_width" = "8"
Info (12021): Found 1 design units, including 1 entities, in source file db/cntr_6ih.tdf
    Info (12023): Found entity 1: cntr_6ih File: D:/repos/hse_SoC_labs/II/Lab7/db/cntr_6ih.tdf Line: 25
Info (12128): Elaborating entity "cntr_6ih" for hierarchy "counter:inst2|lpm_counter:LPM_COUNTER_component|cntr_6ih:auto_generated" File: d:/intelfpga_lite/17.1/quartus/libraries/megafunctions/lpm_counter.tdf Line: 258
Info (12128): Elaborating entity "adder" for hierarchy "adder:inst"
Info (12128): Elaborating entity "add" for hierarchy "adder:inst|add:inst1"
Info (12128): Elaborating entity "parallel_add" for hierarchy "adder:inst|add:inst1|parallel_add:parallel_add_component" File: D:/repos/hse_SoC_labs/II/Lab7/add.v Line: 90
Info (12130): Elaborated megafunction instantiation "adder:inst|add:inst1|parallel_add:parallel_add_component" File: D:/repos/hse_SoC_labs/II/Lab7/add.v Line: 90
Info (12133): Instantiated megafunction "adder:inst|add:inst1|parallel_add:parallel_add_component" with the following parameter: File: D:/repos/hse_SoC_labs/II/Lab7/add.v Line: 90
    Info (12134): Parameter "msw_subtract" = "NO"
    Info (12134): Parameter "pipeline" = "1"
    Info (12134): Parameter "representation" = "UNSIGNED"
    Info (12134): Parameter "result_alignment" = "LSB"
    Info (12134): Parameter "shift" = "0"
    Info (12134): Parameter "size" = "8"
    Info (12134): Parameter "width" = "8"
    Info (12134): Parameter "widthr" = "11"
Info (12021): Found 1 design units, including 1 entities, in source file db/par_add_4qe.tdf
    Info (12023): Found entity 1: par_add_4qe File: D:/repos/hse_SoC_labs/II/Lab7/db/par_add_4qe.tdf Line: 26
Info (12128): Elaborating entity "par_add_4qe" for hierarchy "adder:inst|add:inst1|parallel_add:parallel_add_component|par_add_4qe:auto_generated" File: d:/intelfpga_lite/17.1/quartus/libraries/megafunctions/parallel_add.tdf Line: 147
Info (12128): Elaborating entity "ram" for hierarchy "adder:inst|ram:inst"
Info (12128): Elaborating entity "altsyncram" for hierarchy "adder:inst|ram:inst|altsyncram:altsyncram_component" File: D:/repos/hse_SoC_labs/II/Lab7/ram.v Line: 97
Info (12130): Elaborated megafunction instantiation "adder:inst|ram:inst|altsyncram:altsyncram_component" File: D:/repos/hse_SoC_labs/II/Lab7/ram.v Line: 97
Info (12133): Instantiated megafunction "adder:inst|ram:inst|altsyncram:altsyncram_component" with the following parameter: File: D:/repos/hse_SoC_labs/II/Lab7/ram.v Line: 97
    Info (12134): Parameter "address_reg_b" = "CLOCK0"
    Info (12134): Parameter "clock_enable_input_a" = "BYPASS"
    Info (12134): Parameter "clock_enable_input_b" = "BYPASS"
    Info (12134): Parameter "clock_enable_output_a" = "BYPASS"
    Info (12134): Parameter "clock_enable_output_b" = "BYPASS"
    Info (12134): Parameter "indata_reg_b" = "CLOCK0"
    Info (12134): Parameter "intended_device_family" = "MAX 10"
    Info (12134): Parameter "lpm_type" = "altsyncram"
    Info (12134): Parameter "numwords_a" = "32"
    Info (12134): Parameter "numwords_b" = "32"
    Info (12134): Parameter "operation_mode" = "BIDIR_DUAL_PORT"
    Info (12134): Parameter "outdata_aclr_a" = "NONE"
    Info (12134): Parameter "outdata_aclr_b" = "NONE"
    Info (12134): Parameter "outdata_reg_a" = "UNREGISTERED"
    Info (12134): Parameter "outdata_reg_b" = "UNREGISTERED"
    Info (12134): Parameter "power_up_uninitialized" = "FALSE"
    Info (12134): Parameter "read_during_write_mode_mixed_ports" = "DONT_CARE"
    Info (12134): Parameter "read_during_write_mode_port_a" = "NEW_DATA_WITH_NBE_READ"
    Info (12134): Parameter "read_during_write_mode_port_b" = "NEW_DATA_WITH_NBE_READ"
    Info (12134): Parameter "widthad_a" = "5"
    Info (12134): Parameter "widthad_b" = "5"
    Info (12134): Parameter "width_a" = "8"
    Info (12134): Parameter "width_b" = "8"
    Info (12134): Parameter "width_byteena_a" = "1"
    Info (12134): Parameter "width_byteena_b" = "1"
    Info (12134): Parameter "wrcontrol_wraddress_reg_b" = "CLOCK0"
Info (12021): Found 1 design units, including 1 entities, in source file db/altsyncram_41h2.tdf
    Info (12023): Found entity 1: altsyncram_41h2 File: D:/repos/hse_SoC_labs/II/Lab7/db/altsyncram_41h2.tdf Line: 27
Info (12128): Elaborating entity "altsyncram_41h2" for hierarchy "adder:inst|ram:inst|altsyncram:altsyncram_component|altsyncram_41h2:auto_generated" File: d:/intelfpga_lite/17.1/quartus/libraries/megafunctions/altsyncram.tdf Line: 791
Info (13014): Ignored 144 buffer(s)
    Info (13019): Ignored 144 SOFT buffer(s)
Info (286030): Timing-Driven Synthesis is running
Info (17036): Removed 4 MSB VCC or GND address nodes from RAM block "adder:inst|ram:inst|altsyncram:altsyncram_component|altsyncram_41h2:auto_generated|ALTSYNCRAM" File: D:/repos/hse_SoC_labs/II/Lab7/db/altsyncram_41h2.tdf Line: 34
Info (16010): Generating hard_block partition "hard_block:auto_generated_inst"
    Info (16011): Adding 0 node(s), including 0 DDIO, 0 PLL, 0 transceiver and 0 LCELL
Info (21057): Implemented 70 device resources after synthesis - the final resource count might be different
    Info (21058): Implemented 1 input pins
    Info (21059): Implemented 10 output pins
    Info (21061): Implemented 51 logic cells
    Info (21064): Implemented 8 RAM segments
Info: Quartus Prime Analysis & Synthesis was successful. 0 errors, 2 warnings
    Info: Peak virtual memory: 4773 megabytes
    Info: Processing ended: Sun May 10 19:19:05 2020
    Info: Elapsed time: 00:00:31
    Info: Total CPU time (on all processors): 00:00:57


