Analysis & Synthesis report for try2
Sat May 09 02:13:14 2020
Quartus Prime Version 17.1.0 Build 590 10/25/2017 SJ Lite Edition


---------------------
; Table of Contents ;
---------------------
  1. Legal Notice
  2. Analysis & Synthesis Summary
  3. Analysis & Synthesis Settings
  4. Parallel Compilation
  5. Analysis & Synthesis Source Files Read
  6. Analysis & Synthesis Resource Usage Summary
  7. Analysis & Synthesis Resource Utilization by Entity
  8. Analysis & Synthesis RAM Summary
  9. Analysis & Synthesis DSP Block Usage Summary
 10. Analysis & Synthesis IP Cores Summary
 11. General Register Statistics
 12. Source assignments for ram:ram_inst|altsyncram:altsyncram_component|altsyncram_i402:auto_generated
 13. Parameter Settings for User Entity Instance: ram:ram_inst|altsyncram:altsyncram_component
 14. Parameter Settings for User Entity Instance: mult:mult_inst|lpm_mult:lpm_mult_component
 15. altsyncram Parameter Settings by Entity Instance
 16. lpm_mult Parameter Settings by Entity Instance
 17. Post-Synthesis Netlist Statistics for Top Partition
 18. Elapsed Time Per Partition
 19. Analysis & Synthesis Messages



----------------
; Legal Notice ;
----------------
Copyright (C) 2017  Intel Corporation. All rights reserved.
Your use of Intel Corporation's design tools, logic functions 
and other software and tools, and its AMPP partner logic 
functions, and any output files from any of the foregoing 
(including device programming or simulation files), and any 
associated documentation or information are expressly subject 
to the terms and conditions of the Intel Program License 
Subscription Agreement, the Intel Quartus Prime License Agreement,
the Intel FPGA IP License Agreement, or other applicable license
agreement, including, without limitation, that your use is for
the sole purpose of programming logic devices manufactured by
Intel and sold by Intel or its authorized distributors.  Please
refer to the applicable agreement for further details.



+-------------------------------------------------------------------------------+
; Analysis & Synthesis Summary                                                  ;
+---------------------------------+---------------------------------------------+
; Analysis & Synthesis Status     ; Successful - Sat May 09 02:13:14 2020       ;
; Quartus Prime Version           ; 17.1.0 Build 590 10/25/2017 SJ Lite Edition ;
; Revision Name                   ; try2                                        ;
; Top-level Entity Name           ; pipe                                        ;
; Family                          ; Cyclone V                                   ;
; Logic utilization (in ALMs)     ; N/A                                         ;
; Total registers                 ; 48                                          ;
; Total pins                      ; 44                                          ;
; Total virtual pins              ; 0                                           ;
; Total block memory bits         ; 512                                         ;
; Total DSP Blocks                ; 1                                           ;
; Total HSSI RX PCSs              ; 0                                           ;
; Total HSSI PMA RX Deserializers ; 0                                           ;
; Total HSSI TX PCSs              ; 0                                           ;
; Total HSSI PMA TX Serializers   ; 0                                           ;
; Total PLLs                      ; 0                                           ;
; Total DLLs                      ; 0                                           ;
+---------------------------------+---------------------------------------------+


+---------------------------------------------------------------------------------------------------------------------------+
; Analysis & Synthesis Settings                                                                                             ;
+---------------------------------------------------------------------------------+--------------------+--------------------+
; Option                                                                          ; Setting            ; Default Value      ;
+---------------------------------------------------------------------------------+--------------------+--------------------+
; Device                                                                          ; 5CGXFC9D6F27C7     ;                    ;
; Top-level entity name                                                           ; pipe               ; try2               ;
; Family name                                                                     ; Cyclone V          ; Cyclone V          ;
; Use smart compilation                                                           ; Off                ; Off                ;
; Enable parallel Assembler and TimeQuest Timing Analyzer during compilation      ; On                 ; On                 ;
; Enable compact report table                                                     ; Off                ; Off                ;
; Restructure Multiplexers                                                        ; Auto               ; Auto               ;
; MLAB Add Timing Constraints For Mixed-Port Feed-Through Mode Setting Don't Care ; Off                ; Off                ;
; Create Debugging Nodes for IP Cores                                             ; Off                ; Off                ;
; Preserve fewer node names                                                       ; On                 ; On                 ;
; Intel FPGA IP Evaluation Mode                                                   ; Enable             ; Enable             ;
; Verilog Version                                                                 ; Verilog_2001       ; Verilog_2001       ;
; VHDL Version                                                                    ; VHDL_1993          ; VHDL_1993          ;
; State Machine Processing                                                        ; Auto               ; Auto               ;
; Safe State Machine                                                              ; Off                ; Off                ;
; Extract Verilog State Machines                                                  ; On                 ; On                 ;
; Extract VHDL State Machines                                                     ; On                 ; On                 ;
; Ignore Verilog initial constructs                                               ; Off                ; Off                ;
; Iteration limit for constant Verilog loops                                      ; 5000               ; 5000               ;
; Iteration limit for non-constant Verilog loops                                  ; 250                ; 250                ;
; Add Pass-Through Logic to Inferred RAMs                                         ; On                 ; On                 ;
; Infer RAMs from Raw Logic                                                       ; On                 ; On                 ;
; Parallel Synthesis                                                              ; On                 ; On                 ;
; DSP Block Balancing                                                             ; Auto               ; Auto               ;
; NOT Gate Push-Back                                                              ; On                 ; On                 ;
; Power-Up Don't Care                                                             ; On                 ; On                 ;
; Remove Redundant Logic Cells                                                    ; Off                ; Off                ;
; Remove Duplicate Registers                                                      ; On                 ; On                 ;
; Ignore CARRY Buffers                                                            ; Off                ; Off                ;
; Ignore CASCADE Buffers                                                          ; Off                ; Off                ;
; Ignore GLOBAL Buffers                                                           ; Off                ; Off                ;
; Ignore ROW GLOBAL Buffers                                                       ; Off                ; Off                ;
; Ignore LCELL Buffers                                                            ; Off                ; Off                ;
; Ignore SOFT Buffers                                                             ; On                 ; On                 ;
; Limit AHDL Integers to 32 Bits                                                  ; Off                ; Off                ;
; Optimization Technique                                                          ; Balanced           ; Balanced           ;
; Carry Chain Length                                                              ; 70                 ; 70                 ;
; Auto Carry Chains                                                               ; On                 ; On                 ;
; Auto Open-Drain Pins                                                            ; On                 ; On                 ;
; Perform WYSIWYG Primitive Resynthesis                                           ; Off                ; Off                ;
; Auto ROM Replacement                                                            ; On                 ; On                 ;
; Auto RAM Replacement                                                            ; On                 ; On                 ;
; Auto DSP Block Replacement                                                      ; On                 ; On                 ;
; Auto Shift Register Replacement                                                 ; Auto               ; Auto               ;
; Allow Shift Register Merging across Hierarchies                                 ; Auto               ; Auto               ;
; Auto Clock Enable Replacement                                                   ; On                 ; On                 ;
; Strict RAM Replacement                                                          ; Off                ; Off                ;
; Allow Synchronous Control Signals                                               ; On                 ; On                 ;
; Force Use of Synchronous Clear Signals                                          ; Off                ; Off                ;
; Auto Resource Sharing                                                           ; Off                ; Off                ;
; Allow Any RAM Size For Recognition                                              ; Off                ; Off                ;
; Allow Any ROM Size For Recognition                                              ; Off                ; Off                ;
; Allow Any Shift Register Size For Recognition                                   ; Off                ; Off                ;
; Use LogicLock Constraints during Resource Balancing                             ; On                 ; On                 ;
; Ignore translate_off and synthesis_off directives                               ; Off                ; Off                ;
; Timing-Driven Synthesis                                                         ; On                 ; On                 ;
; Report Parameter Settings                                                       ; On                 ; On                 ;
; Report Source Assignments                                                       ; On                 ; On                 ;
; Report Connectivity Checks                                                      ; On                 ; On                 ;
; Ignore Maximum Fan-Out Assignments                                              ; Off                ; Off                ;
; Synchronization Register Chain Length                                           ; 3                  ; 3                  ;
; Power Optimization During Synthesis                                             ; Normal compilation ; Normal compilation ;
; HDL message level                                                               ; Level2             ; Level2             ;
; Suppress Register Optimization Related Messages                                 ; Off                ; Off                ;
; Number of Removed Registers Reported in Synthesis Report                        ; 5000               ; 5000               ;
; Number of Swept Nodes Reported in Synthesis Report                              ; 5000               ; 5000               ;
; Number of Inverted Registers Reported in Synthesis Report                       ; 100                ; 100                ;
; Clock MUX Protection                                                            ; On                 ; On                 ;
; Auto Gated Clock Conversion                                                     ; Off                ; Off                ;
; Block Design Naming                                                             ; Auto               ; Auto               ;
; SDC constraint protection                                                       ; Off                ; Off                ;
; Synthesis Effort                                                                ; Auto               ; Auto               ;
; Shift Register Replacement - Allow Asynchronous Clear Signal                    ; On                 ; On                 ;
; Pre-Mapping Resynthesis Optimization                                            ; Off                ; Off                ;
; Analysis & Synthesis Message Level                                              ; Medium             ; Medium             ;
; Disable Register Merging Across Hierarchies                                     ; Auto               ; Auto               ;
; Resource Aware Inference For Block RAM                                          ; On                 ; On                 ;
; Automatic Parallel Synthesis                                                    ; On                 ; On                 ;
; Partial Reconfiguration Bitstream ID                                            ; Off                ; Off                ;
+---------------------------------------------------------------------------------+--------------------+--------------------+


+------------------------------------------+
; Parallel Compilation                     ;
+----------------------------+-------------+
; Processors                 ; Number      ;
+----------------------------+-------------+
; Number detected on machine ; 4           ;
; Maximum allowed            ; 2           ;
;                            ;             ;
; Average used               ; 1.00        ;
; Maximum used               ; 2           ;
;                            ;             ;
; Usage by Processor         ; % Time Used ;
;     Processor 1            ; 100.0%      ;
;     Processor 2            ;   0.0%      ;
+----------------------------+-------------+


+-------------------------------------------------------------------------------------------------------------------------------------------------------------------------------------+
; Analysis & Synthesis Source Files Read                                                                                                                                              ;
+----------------------------------+-----------------+---------------------------------------+------------------------------------------------------------------------------+---------+
; File Name with User-Entered Path ; Used in Netlist ; File Type                             ; File Name with Absolute Path                                                 ; Library ;
+----------------------------------+-----------------+---------------------------------------+------------------------------------------------------------------------------+---------+
; mult.v                           ; yes             ; User Wizard-Generated File            ; D:/repos/hse_SoC_labs/II/Lab5_2/mult.v                                       ;         ;
; ram.v                            ; yes             ; User Wizard-Generated File            ; D:/repos/hse_SoC_labs/II/Lab5_2/ram.v                                        ;         ;
; pipe.bdf                         ; yes             ; User Block Diagram/Schematic File     ; D:/repos/hse_SoC_labs/II/Lab5_2/pipe.bdf                                     ;         ;
; ram.hex                          ; yes             ; User Hexadecimal (Intel-Format) File  ; D:/repos/hse_SoC_labs/II/Lab5_2/ram.hex                                      ;         ;
; altsyncram.tdf                   ; yes             ; Megafunction                          ; d:/intelfpga_lite/17.1/quartus/libraries/megafunctions/altsyncram.tdf        ;         ;
; stratix_ram_block.inc            ; yes             ; Megafunction                          ; d:/intelfpga_lite/17.1/quartus/libraries/megafunctions/stratix_ram_block.inc ;         ;
; lpm_mux.inc                      ; yes             ; Megafunction                          ; d:/intelfpga_lite/17.1/quartus/libraries/megafunctions/lpm_mux.inc           ;         ;
; lpm_decode.inc                   ; yes             ; Megafunction                          ; d:/intelfpga_lite/17.1/quartus/libraries/megafunctions/lpm_decode.inc        ;         ;
; aglobal171.inc                   ; yes             ; Megafunction                          ; d:/intelfpga_lite/17.1/quartus/libraries/megafunctions/aglobal171.inc        ;         ;
; a_rdenreg.inc                    ; yes             ; Megafunction                          ; d:/intelfpga_lite/17.1/quartus/libraries/megafunctions/a_rdenreg.inc         ;         ;
; altrom.inc                       ; yes             ; Megafunction                          ; d:/intelfpga_lite/17.1/quartus/libraries/megafunctions/altrom.inc            ;         ;
; altram.inc                       ; yes             ; Megafunction                          ; d:/intelfpga_lite/17.1/quartus/libraries/megafunctions/altram.inc            ;         ;
; altdpram.inc                     ; yes             ; Megafunction                          ; d:/intelfpga_lite/17.1/quartus/libraries/megafunctions/altdpram.inc          ;         ;
; db/altsyncram_i402.tdf           ; yes             ; Auto-Generated Megafunction           ; D:/repos/hse_SoC_labs/II/Lab5_2/db/altsyncram_i402.tdf                       ;         ;
; lpm_mult.tdf                     ; yes             ; Megafunction                          ; d:/intelfpga_lite/17.1/quartus/libraries/megafunctions/lpm_mult.tdf          ;         ;
; lpm_add_sub.inc                  ; yes             ; Megafunction                          ; d:/intelfpga_lite/17.1/quartus/libraries/megafunctions/lpm_add_sub.inc       ;         ;
; multcore.inc                     ; yes             ; Megafunction                          ; d:/intelfpga_lite/17.1/quartus/libraries/megafunctions/multcore.inc          ;         ;
; bypassff.inc                     ; yes             ; Megafunction                          ; d:/intelfpga_lite/17.1/quartus/libraries/megafunctions/bypassff.inc          ;         ;
; altshift.inc                     ; yes             ; Megafunction                          ; d:/intelfpga_lite/17.1/quartus/libraries/megafunctions/altshift.inc          ;         ;
; db/mult_73p.v                    ; yes             ; Auto-Generated Megafunction           ; D:/repos/hse_SoC_labs/II/Lab5_2/db/mult_73p.v                                ;         ;
+----------------------------------+-----------------+---------------------------------------+------------------------------------------------------------------------------+---------+


+---------------------------------------------------------+
; Analysis & Synthesis Resource Usage Summary             ;
+---------------------------------------------+-----------+
; Resource                                    ; Usage     ;
+---------------------------------------------+-----------+
; Estimate of Logic utilization (ALMs needed) ; 24        ;
;                                             ;           ;
; Combinational ALUT usage for logic          ; 0         ;
;     -- 7 input functions                    ; 0         ;
;     -- 6 input functions                    ; 0         ;
;     -- 5 input functions                    ; 0         ;
;     -- 4 input functions                    ; 0         ;
;     -- <=3 input functions                  ; 0         ;
;                                             ;           ;
; Dedicated logic registers                   ; 48        ;
;                                             ;           ;
; I/O pins                                    ; 44        ;
; Total MLAB memory bits                      ; 0         ;
; Total block memory bits                     ; 512       ;
;                                             ;           ;
; Total DSP Blocks                            ; 1         ;
;                                             ;           ;
; Maximum fan-out node                        ; clk~input ;
; Maximum fan-out                             ; 64        ;
; Total fan-out                               ; 380       ;
; Average fan-out                             ; 2.48      ;
+---------------------------------------------+-----------+


+-------------------------------------------------------------------------------------------------------------------------------------------------------------------------------------------------------------------------------------------------------------------------+
; Analysis & Synthesis Resource Utilization by Entity                                                                                                                                                                                                                     ;
+-------------------------------------------+---------------------+---------------------------+-------------------+------------+------+--------------+-----------------------------------------------------------------------------------+-----------------+--------------+
; Compilation Hierarchy Node                ; Combinational ALUTs ; Dedicated Logic Registers ; Block Memory Bits ; DSP Blocks ; Pins ; Virtual Pins ; Full Hierarchy Name                                                               ; Entity Name     ; Library Name ;
+-------------------------------------------+---------------------+---------------------------+-------------------+------------+------+--------------+-----------------------------------------------------------------------------------+-----------------+--------------+
; |pipe                                     ; 0 (0)               ; 48 (16)                   ; 512               ; 1          ; 44   ; 0            ; |pipe                                                                             ; pipe            ; work         ;
;    |mult:mult_inst|                       ; 0 (0)               ; 32 (0)                    ; 0                 ; 1          ; 0    ; 0            ; |pipe|mult:mult_inst                                                              ; mult            ; work         ;
;       |lpm_mult:lpm_mult_component|       ; 0 (0)               ; 32 (0)                    ; 0                 ; 1          ; 0    ; 0            ; |pipe|mult:mult_inst|lpm_mult:lpm_mult_component                                  ; lpm_mult        ; work         ;
;          |mult_73p:auto_generated|        ; 0 (0)               ; 32 (32)                   ; 0                 ; 1          ; 0    ; 0            ; |pipe|mult:mult_inst|lpm_mult:lpm_mult_component|mult_73p:auto_generated          ; mult_73p        ; work         ;
;    |ram:ram_inst|                         ; 0 (0)               ; 0 (0)                     ; 512               ; 0          ; 0    ; 0            ; |pipe|ram:ram_inst                                                                ; ram             ; work         ;
;       |altsyncram:altsyncram_component|   ; 0 (0)               ; 0 (0)                     ; 512               ; 0          ; 0    ; 0            ; |pipe|ram:ram_inst|altsyncram:altsyncram_component                                ; altsyncram      ; work         ;
;          |altsyncram_i402:auto_generated| ; 0 (0)               ; 0 (0)                     ; 512               ; 0          ; 0    ; 0            ; |pipe|ram:ram_inst|altsyncram:altsyncram_component|altsyncram_i402:auto_generated ; altsyncram_i402 ; work         ;
+-------------------------------------------+---------------------+---------------------------+-------------------+------------+------+--------------+-----------------------------------------------------------------------------------+-----------------+--------------+
Note: For table entries with two numbers listed, the numbers in parentheses indicate the number of resources of the given type used by the specific entity alone. The numbers listed outside of parentheses indicate the total resources of the given type used by the specific entity and all of its sub-entities in the hierarchy.


+-----------------------------------------------------------------------------------------------------------------------------------------------------------------------------------------------+
; Analysis & Synthesis RAM Summary                                                                                                                                                              ;
+----------------------------------------------------------------------------------------+------+------------------+--------------+--------------+--------------+--------------+------+---------+
; Name                                                                                   ; Type ; Mode             ; Port A Depth ; Port A Width ; Port B Depth ; Port B Width ; Size ; MIF     ;
+----------------------------------------------------------------------------------------+------+------------------+--------------+--------------+--------------+--------------+------+---------+
; ram:ram_inst|altsyncram:altsyncram_component|altsyncram_i402:auto_generated|ALTSYNCRAM ; AUTO ; Simple Dual Port ; 32           ; 16           ; 32           ; 16           ; 512  ; ram.hex ;
+----------------------------------------------------------------------------------------+------+------------------+--------------+--------------+--------------+--------------+------+---------+


+-----------------------------------------------+
; Analysis & Synthesis DSP Block Usage Summary  ;
+---------------------------------+-------------+
; Statistic                       ; Number Used ;
+---------------------------------+-------------+
; Independent 9x9                 ; 1           ;
; Total number of DSP blocks      ; 1           ;
;                                 ;             ;
; Fixed Point Unsigned Multiplier ; 1           ;
+---------------------------------+-------------+


+--------------------------------------------------------------------------------------------------------+
; Analysis & Synthesis IP Cores Summary                                                                  ;
+--------+--------------+---------+--------------+--------------+----------------------+-----------------+
; Vendor ; IP Core Name ; Version ; Release Date ; License Type ; Entity Instance      ; IP Include File ;
+--------+--------------+---------+--------------+--------------+----------------------+-----------------+
; Altera ; LPM_MULT     ; 17.1    ; N/A          ; N/A          ; |pipe|mult:mult_inst ; mult.v          ;
; Altera ; RAM: 2-PORT  ; 17.1    ; N/A          ; N/A          ; |pipe|ram:ram_inst   ; ram.v           ;
+--------+--------------+---------+--------------+--------------+----------------------+-----------------+


+------------------------------------------------------+
; General Register Statistics                          ;
+----------------------------------------------+-------+
; Statistic                                    ; Value ;
+----------------------------------------------+-------+
; Total registers                              ; 48    ;
; Number of registers using Synchronous Clear  ; 0     ;
; Number of registers using Synchronous Load   ; 0     ;
; Number of registers using Asynchronous Clear ; 0     ;
; Number of registers using Asynchronous Load  ; 0     ;
; Number of registers using Clock Enable       ; 0     ;
; Number of registers using Preset             ; 0     ;
+----------------------------------------------+-------+


+----------------------------------------------------------------------------------------------------+
; Source assignments for ram:ram_inst|altsyncram:altsyncram_component|altsyncram_i402:auto_generated ;
+---------------------------------+--------------------+------+--------------------------------------+
; Assignment                      ; Value              ; From ; To                                   ;
+---------------------------------+--------------------+------+--------------------------------------+
; OPTIMIZE_POWER_DURING_SYNTHESIS ; NORMAL_COMPILATION ; -    ; -                                    ;
+---------------------------------+--------------------+------+--------------------------------------+


+-------------------------------------------------------------------------------------------+
; Parameter Settings for User Entity Instance: ram:ram_inst|altsyncram:altsyncram_component ;
+------------------------------------+----------------------+-------------------------------+
; Parameter Name                     ; Value                ; Type                          ;
+------------------------------------+----------------------+-------------------------------+
; BYTE_SIZE_BLOCK                    ; 8                    ; Untyped                       ;
; AUTO_CARRY_CHAINS                  ; ON                   ; AUTO_CARRY                    ;
; IGNORE_CARRY_BUFFERS               ; OFF                  ; IGNORE_CARRY                  ;
; AUTO_CASCADE_CHAINS                ; ON                   ; AUTO_CASCADE                  ;
; IGNORE_CASCADE_BUFFERS             ; OFF                  ; IGNORE_CASCADE                ;
; WIDTH_BYTEENA                      ; 1                    ; Untyped                       ;
; OPERATION_MODE                     ; DUAL_PORT            ; Untyped                       ;
; WIDTH_A                            ; 16                   ; Signed Integer                ;
; WIDTHAD_A                          ; 5                    ; Signed Integer                ;
; NUMWORDS_A                         ; 32                   ; Signed Integer                ;
; OUTDATA_REG_A                      ; UNREGISTERED         ; Untyped                       ;
; ADDRESS_ACLR_A                     ; NONE                 ; Untyped                       ;
; OUTDATA_ACLR_A                     ; NONE                 ; Untyped                       ;
; WRCONTROL_ACLR_A                   ; NONE                 ; Untyped                       ;
; INDATA_ACLR_A                      ; NONE                 ; Untyped                       ;
; BYTEENA_ACLR_A                     ; NONE                 ; Untyped                       ;
; WIDTH_B                            ; 16                   ; Signed Integer                ;
; WIDTHAD_B                          ; 5                    ; Signed Integer                ;
; NUMWORDS_B                         ; 32                   ; Signed Integer                ;
; INDATA_REG_B                       ; CLOCK1               ; Untyped                       ;
; WRCONTROL_WRADDRESS_REG_B          ; CLOCK1               ; Untyped                       ;
; RDCONTROL_REG_B                    ; CLOCK1               ; Untyped                       ;
; ADDRESS_REG_B                      ; CLOCK0               ; Untyped                       ;
; OUTDATA_REG_B                      ; UNREGISTERED         ; Untyped                       ;
; BYTEENA_REG_B                      ; CLOCK1               ; Untyped                       ;
; INDATA_ACLR_B                      ; NONE                 ; Untyped                       ;
; WRCONTROL_ACLR_B                   ; NONE                 ; Untyped                       ;
; ADDRESS_ACLR_B                     ; NONE                 ; Untyped                       ;
; OUTDATA_ACLR_B                     ; NONE                 ; Untyped                       ;
; RDCONTROL_ACLR_B                   ; NONE                 ; Untyped                       ;
; BYTEENA_ACLR_B                     ; NONE                 ; Untyped                       ;
; WIDTH_BYTEENA_A                    ; 1                    ; Signed Integer                ;
; WIDTH_BYTEENA_B                    ; 1                    ; Untyped                       ;
; RAM_BLOCK_TYPE                     ; AUTO                 ; Untyped                       ;
; BYTE_SIZE                          ; 8                    ; Untyped                       ;
; READ_DURING_WRITE_MODE_MIXED_PORTS ; DONT_CARE            ; Untyped                       ;
; READ_DURING_WRITE_MODE_PORT_A      ; NEW_DATA_NO_NBE_READ ; Untyped                       ;
; READ_DURING_WRITE_MODE_PORT_B      ; NEW_DATA_NO_NBE_READ ; Untyped                       ;
; INIT_FILE                          ; ram.hex              ; Untyped                       ;
; INIT_FILE_LAYOUT                   ; PORT_A               ; Untyped                       ;
; MAXIMUM_DEPTH                      ; 0                    ; Untyped                       ;
; CLOCK_ENABLE_INPUT_A               ; BYPASS               ; Untyped                       ;
; CLOCK_ENABLE_INPUT_B               ; BYPASS               ; Untyped                       ;
; CLOCK_ENABLE_OUTPUT_A              ; NORMAL               ; Untyped                       ;
; CLOCK_ENABLE_OUTPUT_B              ; BYPASS               ; Untyped                       ;
; CLOCK_ENABLE_CORE_A                ; USE_INPUT_CLKEN      ; Untyped                       ;
; CLOCK_ENABLE_CORE_B                ; USE_INPUT_CLKEN      ; Untyped                       ;
; ENABLE_ECC                         ; FALSE                ; Untyped                       ;
; ECC_PIPELINE_STAGE_ENABLED         ; FALSE                ; Untyped                       ;
; WIDTH_ECCSTATUS                    ; 3                    ; Untyped                       ;
; DEVICE_FAMILY                      ; Cyclone V            ; Untyped                       ;
; CBXI_PARAMETER                     ; altsyncram_i402      ; Untyped                       ;
+------------------------------------+----------------------+-------------------------------+
Note: In order to hide this table in the UI and the text report file, please set the "Show Parameter Settings in Synthesis Report" option in "Analysis and Synthesis Settings -> More Settings" to "Off".


+-----------------------------------------------------------------------------------------+
; Parameter Settings for User Entity Instance: mult:mult_inst|lpm_mult:lpm_mult_component ;
+------------------------------------------------+-----------+----------------------------+
; Parameter Name                                 ; Value     ; Type                       ;
+------------------------------------------------+-----------+----------------------------+
; AUTO_CARRY_CHAINS                              ; ON        ; AUTO_CARRY                 ;
; IGNORE_CARRY_BUFFERS                           ; OFF       ; IGNORE_CARRY               ;
; AUTO_CASCADE_CHAINS                            ; ON        ; AUTO_CASCADE               ;
; IGNORE_CASCADE_BUFFERS                         ; OFF       ; IGNORE_CASCADE             ;
; LPM_WIDTHA                                     ; 8         ; Signed Integer             ;
; LPM_WIDTHB                                     ; 8         ; Signed Integer             ;
; LPM_WIDTHP                                     ; 16        ; Signed Integer             ;
; LPM_WIDTHR                                     ; 0         ; Untyped                    ;
; LPM_WIDTHS                                     ; 1         ; Untyped                    ;
; LPM_REPRESENTATION                             ; UNSIGNED  ; Untyped                    ;
; LPM_PIPELINE                                   ; 2         ; Signed Integer             ;
; LATENCY                                        ; 0         ; Untyped                    ;
; INPUT_A_IS_CONSTANT                            ; NO        ; Untyped                    ;
; INPUT_B_IS_CONSTANT                            ; NO        ; Untyped                    ;
; USE_EAB                                        ; OFF       ; Untyped                    ;
; MAXIMIZE_SPEED                                 ; 5         ; Untyped                    ;
; DEVICE_FAMILY                                  ; Cyclone V ; Untyped                    ;
; CARRY_CHAIN                                    ; MANUAL    ; Untyped                    ;
; APEX20K_TECHNOLOGY_MAPPER                      ; LUT       ; TECH_MAPPER_APEX20K        ;
; DEDICATED_MULTIPLIER_CIRCUITRY                 ; AUTO      ; Untyped                    ;
; DEDICATED_MULTIPLIER_MIN_INPUT_WIDTH_FOR_AUTO  ; 0         ; Untyped                    ;
; DEDICATED_MULTIPLIER_MIN_OUTPUT_WIDTH_FOR_AUTO ; 0         ; Untyped                    ;
; CBXI_PARAMETER                                 ; mult_73p  ; Untyped                    ;
; INPUT_A_FIXED_VALUE                            ; Bx        ; Untyped                    ;
; INPUT_B_FIXED_VALUE                            ; Bx        ; Untyped                    ;
; USE_AHDL_IMPLEMENTATION                        ; OFF       ; Untyped                    ;
+------------------------------------------------+-----------+----------------------------+
Note: In order to hide this table in the UI and the text report file, please set the "Show Parameter Settings in Synthesis Report" option in "Analysis and Synthesis Settings -> More Settings" to "Off".


+------------------------------------------------------------------------------------------+
; altsyncram Parameter Settings by Entity Instance                                         ;
+-------------------------------------------+----------------------------------------------+
; Name                                      ; Value                                        ;
+-------------------------------------------+----------------------------------------------+
; Number of entity instances                ; 1                                            ;
; Entity Instance                           ; ram:ram_inst|altsyncram:altsyncram_component ;
;     -- OPERATION_MODE                     ; DUAL_PORT                                    ;
;     -- WIDTH_A                            ; 16                                           ;
;     -- NUMWORDS_A                         ; 32                                           ;
;     -- OUTDATA_REG_A                      ; UNREGISTERED                                 ;
;     -- WIDTH_B                            ; 16                                           ;
;     -- NUMWORDS_B                         ; 32                                           ;
;     -- ADDRESS_REG_B                      ; CLOCK0                                       ;
;     -- OUTDATA_REG_B                      ; UNREGISTERED                                 ;
;     -- RAM_BLOCK_TYPE                     ; AUTO                                         ;
;     -- READ_DURING_WRITE_MODE_MIXED_PORTS ; DONT_CARE                                    ;
+-------------------------------------------+----------------------------------------------+


+------------------------------------------------------------------------------------+
; lpm_mult Parameter Settings by Entity Instance                                     ;
+---------------------------------------+--------------------------------------------+
; Name                                  ; Value                                      ;
+---------------------------------------+--------------------------------------------+
; Number of entity instances            ; 1                                          ;
; Entity Instance                       ; mult:mult_inst|lpm_mult:lpm_mult_component ;
;     -- LPM_WIDTHA                     ; 8                                          ;
;     -- LPM_WIDTHB                     ; 8                                          ;
;     -- LPM_WIDTHP                     ; 16                                         ;
;     -- LPM_REPRESENTATION             ; UNSIGNED                                   ;
;     -- INPUT_A_IS_CONSTANT            ; NO                                         ;
;     -- INPUT_B_IS_CONSTANT            ; NO                                         ;
;     -- USE_EAB                        ; OFF                                        ;
;     -- DEDICATED_MULTIPLIER_CIRCUITRY ; AUTO                                       ;
;     -- INPUT_A_FIXED_VALUE            ; Bx                                         ;
;     -- INPUT_B_FIXED_VALUE            ; Bx                                         ;
+---------------------------------------+--------------------------------------------+


+-----------------------------------------------------+
; Post-Synthesis Netlist Statistics for Top Partition ;
+--------------------+--------------------------------+
; Type               ; Count                          ;
+--------------------+--------------------------------+
; arriav_ff          ; 48                             ;
;     plain          ; 48                             ;
; arriav_mac         ; 1                              ;
; boundary_port      ; 44                             ;
; stratixv_ram_block ; 16                             ;
;                    ;                                ;
; Max LUT depth      ; 0.00                           ;
; Average LUT depth  ; 0.00                           ;
+--------------------+--------------------------------+


+-------------------------------+
; Elapsed Time Per Partition    ;
+----------------+--------------+
; Partition Name ; Elapsed Time ;
+----------------+--------------+
; Top            ; 00:00:00     ;
+----------------+--------------+


+-------------------------------+
; Analysis & Synthesis Messages ;
+-------------------------------+
Info: *******************************************************************
Info: Running Quartus Prime Analysis & Synthesis
    Info: Version 17.1.0 Build 590 10/25/2017 SJ Lite Edition
    Info: Processing started: Sat May 09 02:12:41 2020
Info: Command: quartus_map --read_settings_files=on --write_settings_files=off try2 -c try2
Warning (18236): Number of processors has not been specified which may cause overloading on shared machines.  Set the global assignment NUM_PARALLEL_PROCESSORS in your QSF to an appropriate value for best performance.
Info (20030): Parallel compilation is enabled and will use 2 of the 2 processors detected
Info (12021): Found 1 design units, including 1 entities, in source file mult.v
    Info (12023): Found entity 1: mult File: D:/repos/hse_SoC_labs/II/Lab5_2/mult.v Line: 39
Info (12021): Found 1 design units, including 1 entities, in source file ram.v
    Info (12023): Found entity 1: ram File: D:/repos/hse_SoC_labs/II/Lab5_2/ram.v Line: 39
Info (12021): Found 1 design units, including 1 entities, in source file pipe.bdf
    Info (12023): Found entity 1: pipe
Info (12021): Found 1 design units, including 1 entities, in source file dop.bdf
    Info (12023): Found entity 1: dop
Info (12021): Found 1 design units, including 1 entities, in source file counter.v
    Info (12023): Found entity 1: counter File: D:/repos/hse_SoC_labs/II/Lab5_2/counter.v Line: 39
Info (12127): Elaborating entity "pipe" for the top level hierarchy
Info (12128): Elaborating entity "ram" for hierarchy "ram:ram_inst"
Info (12128): Elaborating entity "altsyncram" for hierarchy "ram:ram_inst|altsyncram:altsyncram_component" File: D:/repos/hse_SoC_labs/II/Lab5_2/ram.v Line: 88
Info (12130): Elaborated megafunction instantiation "ram:ram_inst|altsyncram:altsyncram_component" File: D:/repos/hse_SoC_labs/II/Lab5_2/ram.v Line: 88
Info (12133): Instantiated megafunction "ram:ram_inst|altsyncram:altsyncram_component" with the following parameter: File: D:/repos/hse_SoC_labs/II/Lab5_2/ram.v Line: 88
    Info (12134): Parameter "address_aclr_b" = "NONE"
    Info (12134): Parameter "address_reg_b" = "CLOCK0"
    Info (12134): Parameter "clock_enable_input_a" = "BYPASS"
    Info (12134): Parameter "clock_enable_input_b" = "BYPASS"
    Info (12134): Parameter "clock_enable_output_b" = "BYPASS"
    Info (12134): Parameter "init_file" = "ram.hex"
    Info (12134): Parameter "intended_device_family" = "Cyclone V"
    Info (12134): Parameter "lpm_type" = "altsyncram"
    Info (12134): Parameter "numwords_a" = "32"
    Info (12134): Parameter "numwords_b" = "32"
    Info (12134): Parameter "operation_mode" = "DUAL_PORT"
    Info (12134): Parameter "outdata_aclr_b" = "NONE"
    Info (12134): Parameter "outdata_reg_b" = "UNREGISTERED"
    Info (12134): Parameter "power_up_uninitialized" = "FALSE"
    Info (12134): Parameter "read_during_write_mode_mixed_ports" = "DONT_CARE"
    Info (12134): Parameter "widthad_a" = "5"
    Info (12134): Parameter "widthad_b" = "5"
    Info (12134): Parameter "width_a" = "16"
    Info (12134): Parameter "width_b" = "16"
    Info (12134): Parameter "width_byteena_a" = "1"
Info (12021): Found 1 design units, including 1 entities, in source file db/altsyncram_i402.tdf
    Info (12023): Found entity 1: altsyncram_i402 File: D:/repos/hse_SoC_labs/II/Lab5_2/db/altsyncram_i402.tdf Line: 27
Info (12128): Elaborating entity "altsyncram_i402" for hierarchy "ram:ram_inst|altsyncram:altsyncram_component|altsyncram_i402:auto_generated" File: d:/intelfpga_lite/17.1/quartus/libraries/megafunctions/altsyncram.tdf Line: 791
Info (12128): Elaborating entity "mult" for hierarchy "mult:mult_inst"
Info (12128): Elaborating entity "lpm_mult" for hierarchy "mult:mult_inst|lpm_mult:lpm_mult_component" File: D:/repos/hse_SoC_labs/II/Lab5_2/mult.v Line: 61
Info (12130): Elaborated megafunction instantiation "mult:mult_inst|lpm_mult:lpm_mult_component" File: D:/repos/hse_SoC_labs/II/Lab5_2/mult.v Line: 61
Info (12133): Instantiated megafunction "mult:mult_inst|lpm_mult:lpm_mult_component" with the following parameter: File: D:/repos/hse_SoC_labs/II/Lab5_2/mult.v Line: 61
    Info (12134): Parameter "lpm_hint" = "MAXIMIZE_SPEED=5"
    Info (12134): Parameter "lpm_pipeline" = "2"
    Info (12134): Parameter "lpm_representation" = "UNSIGNED"
    Info (12134): Parameter "lpm_type" = "LPM_MULT"
    Info (12134): Parameter "lpm_widtha" = "8"
    Info (12134): Parameter "lpm_widthb" = "8"
    Info (12134): Parameter "lpm_widthp" = "16"
Info (12021): Found 1 design units, including 1 entities, in source file db/mult_73p.v
    Info (12023): Found entity 1: mult_73p File: D:/repos/hse_SoC_labs/II/Lab5_2/db/mult_73p.v Line: 28
Info (12128): Elaborating entity "mult_73p" for hierarchy "mult:mult_inst|lpm_mult:lpm_mult_component|mult_73p:auto_generated" File: d:/intelfpga_lite/17.1/quartus/libraries/megafunctions/lpm_mult.tdf Line: 376
Info (286030): Timing-Driven Synthesis is running
Info (16010): Generating hard_block partition "hard_block:auto_generated_inst"
    Info (16011): Adding 0 node(s), including 0 DDIO, 0 PLL, 0 transceiver and 0 LCELL
Info (21057): Implemented 109 device resources after synthesis - the final resource count might be different
    Info (21058): Implemented 28 input pins
    Info (21059): Implemented 16 output pins
    Info (21061): Implemented 48 logic cells
    Info (21064): Implemented 16 RAM segments
    Info (21062): Implemented 1 DSP elements
Info: Quartus Prime Analysis & Synthesis was successful. 0 errors, 1 warning
    Info: Peak virtual memory: 4835 megabytes
    Info: Processing ended: Sat May 09 02:13:14 2020
    Info: Elapsed time: 00:00:33
    Info: Total CPU time (on all processors): 00:00:57


