Flow report for pipemult_migration
Mon May 18 12:57:03 2020
Quartus Prime Version 17.1.0 Build 590 10/25/2017 SJ Lite Edition


---------------------
; Table of Contents ;
---------------------
  1. Legal Notice
  2. Flow Summary
  3. Flow Settings
  4. Flow Non-Default Global Settings
  5. Flow Elapsed Time
  6. Flow OS Summary
  7. Flow Log
  8. Flow Messages
  9. Flow Suppressed Messages



----------------
; Legal Notice ;
----------------
Copyright (C) 2017  Intel Corporation. All rights reserved.
Your use of Intel Corporation's design tools, logic functions 
and other software and tools, and its AMPP partner logic 
functions, and any output files from any of the foregoing 
(including device programming or simulation files), and any 
associated documentation or information are expressly subject 
to the terms and conditions of the Intel Program License 
Subscription Agreement, the Intel Quartus Prime License Agreement,
the Intel FPGA IP License Agreement, or other applicable license
agreement, including, without limitation, that your use is for
the sole purpose of programming logic devices manufactured by
Intel and sold by Intel or its authorized distributors.  Please
refer to the applicable agreement for further details.



+----------------------------------------------------------------------------------+
; Flow Summary                                                                     ;
+------------------------------------+---------------------------------------------+
; Flow Status                        ; Successful - Mon May 18 12:56:48 2020       ;
; Quartus Prime Version              ; 17.1.0 Build 590 10/25/2017 SJ Lite Edition ;
; Revision Name                      ; pipemult_migration                          ;
; Top-level Entity Name              ; pipemult                                    ;
; Family                             ; MAX 10                                      ;
; Device                             ; 10M50DAF484C8GES                            ;
; Timing Models                      ; Preliminary                                 ;
; Total logic elements               ; 1 / 49,760 ( < 1 % )                        ;
;     Total combinational functions  ; 1 / 49,760 ( < 1 % )                        ;
;     Dedicated logic registers      ; 0 / 49,760 ( 0 % )                          ;
; Total registers                    ; 0                                           ;
; Total pins                         ; 44 / 360 ( 12 % )                           ;
; Total virtual pins                 ; 0                                           ;
; Total memory bits                  ; 512 / 1,677,312 ( < 1 % )                   ;
; Embedded Multiplier 9-bit elements ; 1 / 288 ( < 1 % )                           ;
; Total PLLs                         ; 0 / 4 ( 0 % )                               ;
; UFM blocks                         ; 0 / 1 ( 0 % )                               ;
; ADC blocks                         ; 0 / 2 ( 0 % )                               ;
+------------------------------------+---------------------------------------------+


+-----------------------------------------+
; Flow Settings                           ;
+-------------------+---------------------+
; Option            ; Setting             ;
+-------------------+---------------------+
; Start date & time ; 05/18/2020 12:53:48 ;
; Main task         ; Compilation         ;
; Revision Name     ; pipemult_migration  ;
+-------------------+---------------------+


+------------------------------------------------------------------------------------------------------------------------------+
; Flow Non-Default Global Settings                                                                                             ;
+-------------------------------------+----------------------------------------+--------------------+-------------+------------+
; Assignment Name                     ; Value                                  ; Default Value      ; Entity Name ; Section Id ;
+-------------------------------------+----------------------------------------+--------------------+-------------+------------+
; COMPILER_SIGNATURE_ID               ; 31573052425134.158979562710316         ; --                 ; --          ; --         ;
; IOBANK_VCCIO                        ; 2.5V                                   ; --                 ; --          ; 2          ;
; IOBANK_VCCIO                        ; 1.8V                                   ; --                 ; --          ; 3          ;
; MAX_CORE_JUNCTION_TEMP              ; 85                                     ; --                 ; --          ; --         ;
; MIN_CORE_JUNCTION_TEMP              ; 0                                      ; --                 ; --          ; --         ;
; MISC_FILE                           ; mult.bsf                               ; --                 ; --          ; --         ;
; MISC_FILE                           ; mult_inst.v                            ; --                 ; --          ; --         ;
; MISC_FILE                           ; ram.bsf                                ; --                 ; --          ; --         ;
; MISC_FILE                           ; ram_inst.v                             ; --                 ; --          ; --         ;
; PARTITION_COLOR                     ; -- (Not supported for targeted family) ; --                 ; pipemult    ; Top        ;
; PARTITION_FITTER_PRESERVATION_LEVEL ; -- (Not supported for targeted family) ; --                 ; pipemult    ; Top        ;
; PARTITION_NETLIST_TYPE              ; -- (Not supported for targeted family) ; --                 ; pipemult    ; Top        ;
; PROJECT_OUTPUT_DIRECTORY            ; output_files                           ; --                 ; --          ; --         ;
; TOP_LEVEL_ENTITY                    ; pipemult                               ; pipemult_migration ; --          ; --         ;
+-------------------------------------+----------------------------------------+--------------------+-------------+------------+


+-------------------------------------------------------------------------------------------------------------------------------+
; Flow Elapsed Time                                                                                                             ;
+---------------------------+--------------+-------------------------+---------------------+------------------------------------+
; Module Name               ; Elapsed Time ; Average Processors Used ; Peak Virtual Memory ; Total CPU Time (on all processors) ;
+---------------------------+--------------+-------------------------+---------------------+------------------------------------+
; Analysis & Synthesis      ; 00:01:15     ; 1.0                     ; 4759 MB             ; 00:01:02                           ;
; Fitter                    ; 00:01:08     ; 1.0                     ; 5438 MB             ; 00:00:25                           ;
; Assembler                 ; 00:00:13     ; 1.0                     ; 4684 MB             ; 00:00:07                           ;
; TimeQuest Timing Analyzer ; 00:00:13     ; 1.0                     ; 4797 MB             ; 00:00:06                           ;
; Total                     ; 00:02:49     ; --                      ; --                  ; 00:01:40                           ;
+---------------------------+--------------+-------------------------+---------------------+------------------------------------+


+-----------------------------------------------------------------------------------------+
; Flow OS Summary                                                                         ;
+---------------------------+------------------+------------+------------+----------------+
; Module Name               ; Machine Hostname ; OS Name    ; OS Version ; Processor type ;
+---------------------------+------------------+------------+------------+----------------+
; Analysis & Synthesis      ; DESKTOP-R29N18L  ; Windows 10 ; 10.0       ; x86_64         ;
; Fitter                    ; DESKTOP-R29N18L  ; Windows 10 ; 10.0       ; x86_64         ;
; Assembler                 ; DESKTOP-R29N18L  ; Windows 10 ; 10.0       ; x86_64         ;
; TimeQuest Timing Analyzer ; DESKTOP-R29N18L  ; Windows 10 ; 10.0       ; x86_64         ;
+---------------------------+------------------+------------+------------+----------------+


------------
; Flow Log ;
------------
quartus_map --read_settings_files=on --write_settings_files=off lab6 -c pipemult_migration
quartus_fit --read_settings_files=off --write_settings_files=off lab6 -c pipemult_migration
quartus_asm --read_settings_files=off --write_settings_files=off lab6 -c pipemult_migration
quartus_sta lab6 -c pipemult_migration



