Analysis & Synthesis report for pipe2
Mon Apr 27 17:05:42 2020
Quartus Prime Version 17.1.0 Build 590 10/25/2017 SJ Lite Edition


---------------------
; Table of Contents ;
---------------------
  1. Legal Notice
  2. Analysis & Synthesis Summary
  3. Analysis & Synthesis Settings
  4. Parallel Compilation
  5. Analysis & Synthesis IP Cores Summary
  6. Source assignments for ram:ram_inst|altsyncram:altsyncram_component|altsyncram_o8p1:auto_generated
  7. Parameter Settings for User Entity Instance: ram:ram_inst|altsyncram:altsyncram_component
  8. Parameter Settings for User Entity Instance: mult:mult_inst|lpm_mult:lpm_mult_component
  9. altsyncram Parameter Settings by Entity Instance
 10. lpm_mult Parameter Settings by Entity Instance
 11. Post-Synthesis Netlist Statistics for Top Partition
 12. Elapsed Time Per Partition
 13. Analysis & Synthesis Messages



----------------
; Legal Notice ;
----------------
Copyright (C) 2017  Intel Corporation. All rights reserved.
Your use of Intel Corporation's design tools, logic functions 
and other software and tools, and its AMPP partner logic 
functions, and any output files from any of the foregoing 
(including device programming or simulation files), and any 
associated documentation or information are expressly subject 
to the terms and conditions of the Intel Program License 
Subscription Agreement, the Intel Quartus Prime License Agreement,
the Intel FPGA IP License Agreement, or other applicable license
agreement, including, without limitation, that your use is for
the sole purpose of programming logic devices manufactured by
Intel and sold by Intel or its authorized distributors.  Please
refer to the applicable agreement for further details.



+----------------------------------------------------------------------------------+
; Analysis & Synthesis Summary                                                     ;
+------------------------------------+---------------------------------------------+
; Analysis & Synthesis Status        ; Successful - Mon Apr 27 17:05:41 2020       ;
; Quartus Prime Version              ; 17.1.0 Build 590 10/25/2017 SJ Lite Edition ;
; Revision Name                      ; pipe2                                       ;
; Top-level Entity Name              ; pipe                                        ;
; Family                             ; MAX 10                                      ;
; Total logic elements               ; N/A until Partition Merge                   ;
;     Total combinational functions  ; N/A until Partition Merge                   ;
;     Dedicated logic registers      ; N/A until Partition Merge                   ;
; Total registers                    ; N/A until Partition Merge                   ;
; Total pins                         ; N/A until Partition Merge                   ;
; Total virtual pins                 ; N/A until Partition Merge                   ;
; Total memory bits                  ; N/A until Partition Merge                   ;
; Embedded Multiplier 9-bit elements ; N/A until Partition Merge                   ;
; Total PLLs                         ; N/A until Partition Merge                   ;
; UFM blocks                         ; N/A until Partition Merge                   ;
; ADC blocks                         ; N/A until Partition Merge                   ;
+------------------------------------+---------------------------------------------+


+----------------------------------------------------------------------------------------------------------------------+
; Analysis & Synthesis Settings                                                                                        ;
+----------------------------------------------------------------------------+--------------------+--------------------+
; Option                                                                     ; Setting            ; Default Value      ;
+----------------------------------------------------------------------------+--------------------+--------------------+
; Device                                                                     ; 10M50DAF484C7G     ;                    ;
; Top-level entity name                                                      ; pipe               ; pipe2              ;
; Family name                                                                ; MAX 10             ; Cyclone V          ;
; Use smart compilation                                                      ; Off                ; Off                ;
; Enable parallel Assembler and TimeQuest Timing Analyzer during compilation ; On                 ; On                 ;
; Enable compact report table                                                ; Off                ; Off                ;
; Restructure Multiplexers                                                   ; Auto               ; Auto               ;
; Create Debugging Nodes for IP Cores                                        ; Off                ; Off                ;
; Preserve fewer node names                                                  ; On                 ; On                 ;
; Intel FPGA IP Evaluation Mode                                              ; Enable             ; Enable             ;
; Verilog Version                                                            ; Verilog_2001       ; Verilog_2001       ;
; VHDL Version                                                               ; VHDL_1993          ; VHDL_1993          ;
; State Machine Processing                                                   ; Auto               ; Auto               ;
; Safe State Machine                                                         ; Off                ; Off                ;
; Extract Verilog State Machines                                             ; On                 ; On                 ;
; Extract VHDL State Machines                                                ; On                 ; On                 ;
; Ignore Verilog initial constructs                                          ; Off                ; Off                ;
; Iteration limit for constant Verilog loops                                 ; 5000               ; 5000               ;
; Iteration limit for non-constant Verilog loops                             ; 250                ; 250                ;
; Add Pass-Through Logic to Inferred RAMs                                    ; On                 ; On                 ;
; Infer RAMs from Raw Logic                                                  ; On                 ; On                 ;
; Parallel Synthesis                                                         ; On                 ; On                 ;
; DSP Block Balancing                                                        ; Auto               ; Auto               ;
; NOT Gate Push-Back                                                         ; On                 ; On                 ;
; Power-Up Don't Care                                                        ; On                 ; On                 ;
; Remove Redundant Logic Cells                                               ; Off                ; Off                ;
; Remove Duplicate Registers                                                 ; On                 ; On                 ;
; Ignore CARRY Buffers                                                       ; Off                ; Off                ;
; Ignore CASCADE Buffers                                                     ; Off                ; Off                ;
; Ignore GLOBAL Buffers                                                      ; Off                ; Off                ;
; Ignore ROW GLOBAL Buffers                                                  ; Off                ; Off                ;
; Ignore LCELL Buffers                                                       ; Off                ; Off                ;
; Ignore SOFT Buffers                                                        ; On                 ; On                 ;
; Limit AHDL Integers to 32 Bits                                             ; Off                ; Off                ;
; Optimization Technique                                                     ; Balanced           ; Balanced           ;
; Carry Chain Length                                                         ; 70                 ; 70                 ;
; Auto Carry Chains                                                          ; On                 ; On                 ;
; Auto Open-Drain Pins                                                       ; On                 ; On                 ;
; Perform WYSIWYG Primitive Resynthesis                                      ; Off                ; Off                ;
; Auto ROM Replacement                                                       ; On                 ; On                 ;
; Auto RAM Replacement                                                       ; On                 ; On                 ;
; Auto DSP Block Replacement                                                 ; On                 ; On                 ;
; Auto Shift Register Replacement                                            ; Auto               ; Auto               ;
; Allow Shift Register Merging across Hierarchies                            ; Auto               ; Auto               ;
; Auto Clock Enable Replacement                                              ; On                 ; On                 ;
; Strict RAM Replacement                                                     ; Off                ; Off                ;
; Allow Synchronous Control Signals                                          ; On                 ; On                 ;
; Force Use of Synchronous Clear Signals                                     ; Off                ; Off                ;
; Auto RAM Block Balancing                                                   ; On                 ; On                 ;
; Auto RAM to Logic Cell Conversion                                          ; Off                ; Off                ;
; Auto Resource Sharing                                                      ; Off                ; Off                ;
; Allow Any RAM Size For Recognition                                         ; Off                ; Off                ;
; Allow Any ROM Size For Recognition                                         ; Off                ; Off                ;
; Allow Any Shift Register Size For Recognition                              ; Off                ; Off                ;
; Use LogicLock Constraints during Resource Balancing                        ; On                 ; On                 ;
; Ignore translate_off and synthesis_off directives                          ; Off                ; Off                ;
; Timing-Driven Synthesis                                                    ; On                 ; On                 ;
; Report Parameter Settings                                                  ; On                 ; On                 ;
; Report Source Assignments                                                  ; On                 ; On                 ;
; Report Connectivity Checks                                                 ; On                 ; On                 ;
; Ignore Maximum Fan-Out Assignments                                         ; Off                ; Off                ;
; Synchronization Register Chain Length                                      ; 2                  ; 2                  ;
; Power Optimization During Synthesis                                        ; Normal compilation ; Normal compilation ;
; HDL message level                                                          ; Level2             ; Level2             ;
; Suppress Register Optimization Related Messages                            ; Off                ; Off                ;
; Number of Removed Registers Reported in Synthesis Report                   ; 5000               ; 5000               ;
; Number of Swept Nodes Reported in Synthesis Report                         ; 5000               ; 5000               ;
; Number of Inverted Registers Reported in Synthesis Report                  ; 100                ; 100                ;
; Clock MUX Protection                                                       ; On                 ; On                 ;
; Auto Gated Clock Conversion                                                ; Off                ; Off                ;
; Block Design Naming                                                        ; Auto               ; Auto               ;
; SDC constraint protection                                                  ; Off                ; Off                ;
; Synthesis Effort                                                           ; Auto               ; Auto               ;
; Shift Register Replacement - Allow Asynchronous Clear Signal               ; On                 ; On                 ;
; Pre-Mapping Resynthesis Optimization                                       ; Off                ; Off                ;
; Analysis & Synthesis Message Level                                         ; Medium             ; Medium             ;
; Disable Register Merging Across Hierarchies                                ; Auto               ; Auto               ;
; Resource Aware Inference For Block RAM                                     ; On                 ; On                 ;
+----------------------------------------------------------------------------+--------------------+--------------------+


+------------------------------------------+
; Parallel Compilation                     ;
+----------------------------+-------------+
; Processors                 ; Number      ;
+----------------------------+-------------+
; Number detected on machine ; 4           ;
; Maximum allowed            ; 2           ;
;                            ;             ;
; Average used               ; 1.00        ;
; Maximum used               ; 2           ;
;                            ;             ;
; Usage by Processor         ; % Time Used ;
;     Processor 1            ; 100.0%      ;
;     Processor 2            ;   0.0%      ;
+----------------------------+-------------+


+--------------------------------------------------------------------------------------------------------+
; Analysis & Synthesis IP Cores Summary                                                                  ;
+--------+--------------+---------+--------------+--------------+----------------------+-----------------+
; Vendor ; IP Core Name ; Version ; Release Date ; License Type ; Entity Instance      ; IP Include File ;
+--------+--------------+---------+--------------+--------------+----------------------+-----------------+
; Altera ; LPM_MULT     ; 17.1    ; N/A          ; N/A          ; |pipe|mult:mult_inst ; mult.v          ;
; Altera ; RAM: 2-PORT  ; 17.1    ; N/A          ; N/A          ; |pipe|ram:ram_inst   ; ram.v           ;
+--------+--------------+---------+--------------+--------------+----------------------+-----------------+


+----------------------------------------------------------------------------------------------------+
; Source assignments for ram:ram_inst|altsyncram:altsyncram_component|altsyncram_o8p1:auto_generated ;
+---------------------------------+--------------------+------+--------------------------------------+
; Assignment                      ; Value              ; From ; To                                   ;
+---------------------------------+--------------------+------+--------------------------------------+
; OPTIMIZE_POWER_DURING_SYNTHESIS ; NORMAL_COMPILATION ; -    ; -                                    ;
+---------------------------------+--------------------+------+--------------------------------------+


+-------------------------------------------------------------------------------------------+
; Parameter Settings for User Entity Instance: ram:ram_inst|altsyncram:altsyncram_component ;
+------------------------------------+----------------------+-------------------------------+
; Parameter Name                     ; Value                ; Type                          ;
+------------------------------------+----------------------+-------------------------------+
; BYTE_SIZE_BLOCK                    ; 8                    ; Untyped                       ;
; AUTO_CARRY_CHAINS                  ; ON                   ; AUTO_CARRY                    ;
; IGNORE_CARRY_BUFFERS               ; OFF                  ; IGNORE_CARRY                  ;
; AUTO_CASCADE_CHAINS                ; ON                   ; AUTO_CASCADE                  ;
; IGNORE_CASCADE_BUFFERS             ; OFF                  ; IGNORE_CASCADE                ;
; WIDTH_BYTEENA                      ; 1                    ; Untyped                       ;
; OPERATION_MODE                     ; DUAL_PORT            ; Untyped                       ;
; WIDTH_A                            ; 16                   ; Signed Integer                ;
; WIDTHAD_A                          ; 5                    ; Signed Integer                ;
; NUMWORDS_A                         ; 32                   ; Signed Integer                ;
; OUTDATA_REG_A                      ; UNREGISTERED         ; Untyped                       ;
; ADDRESS_ACLR_A                     ; NONE                 ; Untyped                       ;
; OUTDATA_ACLR_A                     ; NONE                 ; Untyped                       ;
; WRCONTROL_ACLR_A                   ; NONE                 ; Untyped                       ;
; INDATA_ACLR_A                      ; NONE                 ; Untyped                       ;
; BYTEENA_ACLR_A                     ; NONE                 ; Untyped                       ;
; WIDTH_B                            ; 16                   ; Signed Integer                ;
; WIDTHAD_B                          ; 5                    ; Signed Integer                ;
; NUMWORDS_B                         ; 32                   ; Signed Integer                ;
; INDATA_REG_B                       ; CLOCK1               ; Untyped                       ;
; WRCONTROL_WRADDRESS_REG_B          ; CLOCK1               ; Untyped                       ;
; RDCONTROL_REG_B                    ; CLOCK1               ; Untyped                       ;
; ADDRESS_REG_B                      ; CLOCK0               ; Untyped                       ;
; OUTDATA_REG_B                      ; UNREGISTERED         ; Untyped                       ;
; BYTEENA_REG_B                      ; CLOCK1               ; Untyped                       ;
; INDATA_ACLR_B                      ; NONE                 ; Untyped                       ;
; WRCONTROL_ACLR_B                   ; NONE                 ; Untyped                       ;
; ADDRESS_ACLR_B                     ; NONE                 ; Untyped                       ;
; OUTDATA_ACLR_B                     ; NONE                 ; Untyped                       ;
; RDCONTROL_ACLR_B                   ; NONE                 ; Untyped                       ;
; BYTEENA_ACLR_B                     ; NONE                 ; Untyped                       ;
; WIDTH_BYTEENA_A                    ; 1                    ; Signed Integer                ;
; WIDTH_BYTEENA_B                    ; 1                    ; Untyped                       ;
; RAM_BLOCK_TYPE                     ; AUTO                 ; Untyped                       ;
; BYTE_SIZE                          ; 8                    ; Untyped                       ;
; READ_DURING_WRITE_MODE_MIXED_PORTS ; DONT_CARE            ; Untyped                       ;
; READ_DURING_WRITE_MODE_PORT_A      ; NEW_DATA_NO_NBE_READ ; Untyped                       ;
; READ_DURING_WRITE_MODE_PORT_B      ; NEW_DATA_NO_NBE_READ ; Untyped                       ;
; INIT_FILE                          ; ram.hex              ; Untyped                       ;
; INIT_FILE_LAYOUT                   ; PORT_A               ; Untyped                       ;
; MAXIMUM_DEPTH                      ; 0                    ; Untyped                       ;
; CLOCK_ENABLE_INPUT_A               ; BYPASS               ; Untyped                       ;
; CLOCK_ENABLE_INPUT_B               ; BYPASS               ; Untyped                       ;
; CLOCK_ENABLE_OUTPUT_A              ; NORMAL               ; Untyped                       ;
; CLOCK_ENABLE_OUTPUT_B              ; BYPASS               ; Untyped                       ;
; CLOCK_ENABLE_CORE_A                ; USE_INPUT_CLKEN      ; Untyped                       ;
; CLOCK_ENABLE_CORE_B                ; USE_INPUT_CLKEN      ; Untyped                       ;
; ENABLE_ECC                         ; FALSE                ; Untyped                       ;
; ECC_PIPELINE_STAGE_ENABLED         ; FALSE                ; Untyped                       ;
; WIDTH_ECCSTATUS                    ; 3                    ; Untyped                       ;
; DEVICE_FAMILY                      ; MAX 10               ; Untyped                       ;
; CBXI_PARAMETER                     ; altsyncram_o8p1      ; Untyped                       ;
+------------------------------------+----------------------+-------------------------------+
Note: In order to hide this table in the UI and the text report file, please set the "Show Parameter Settings in Synthesis Report" option in "Analysis and Synthesis Settings -> More Settings" to "Off".


+-----------------------------------------------------------------------------------------+
; Parameter Settings for User Entity Instance: mult:mult_inst|lpm_mult:lpm_mult_component ;
+------------------------------------------------+----------+-----------------------------+
; Parameter Name                                 ; Value    ; Type                        ;
+------------------------------------------------+----------+-----------------------------+
; AUTO_CARRY_CHAINS                              ; ON       ; AUTO_CARRY                  ;
; IGNORE_CARRY_BUFFERS                           ; OFF      ; IGNORE_CARRY                ;
; AUTO_CASCADE_CHAINS                            ; ON       ; AUTO_CASCADE                ;
; IGNORE_CASCADE_BUFFERS                         ; OFF      ; IGNORE_CASCADE              ;
; LPM_WIDTHA                                     ; 8        ; Signed Integer              ;
; LPM_WIDTHB                                     ; 8        ; Signed Integer              ;
; LPM_WIDTHP                                     ; 16       ; Signed Integer              ;
; LPM_WIDTHR                                     ; 0        ; Untyped                     ;
; LPM_WIDTHS                                     ; 1        ; Untyped                     ;
; LPM_REPRESENTATION                             ; UNSIGNED ; Untyped                     ;
; LPM_PIPELINE                                   ; 2        ; Signed Integer              ;
; LATENCY                                        ; 0        ; Untyped                     ;
; INPUT_A_IS_CONSTANT                            ; NO       ; Untyped                     ;
; INPUT_B_IS_CONSTANT                            ; NO       ; Untyped                     ;
; USE_EAB                                        ; OFF      ; Untyped                     ;
; MAXIMIZE_SPEED                                 ; 5        ; Untyped                     ;
; DEVICE_FAMILY                                  ; MAX 10   ; Untyped                     ;
; CARRY_CHAIN                                    ; MANUAL   ; Untyped                     ;
; APEX20K_TECHNOLOGY_MAPPER                      ; LUT      ; TECH_MAPPER_APEX20K         ;
; DEDICATED_MULTIPLIER_CIRCUITRY                 ; AUTO     ; Untyped                     ;
; DEDICATED_MULTIPLIER_MIN_INPUT_WIDTH_FOR_AUTO  ; 0        ; Untyped                     ;
; DEDICATED_MULTIPLIER_MIN_OUTPUT_WIDTH_FOR_AUTO ; 0        ; Untyped                     ;
; CBXI_PARAMETER                                 ; mult_blo ; Untyped                     ;
; INPUT_A_FIXED_VALUE                            ; Bx       ; Untyped                     ;
; INPUT_B_FIXED_VALUE                            ; Bx       ; Untyped                     ;
; USE_AHDL_IMPLEMENTATION                        ; OFF      ; Untyped                     ;
+------------------------------------------------+----------+-----------------------------+
Note: In order to hide this table in the UI and the text report file, please set the "Show Parameter Settings in Synthesis Report" option in "Analysis and Synthesis Settings -> More Settings" to "Off".


+------------------------------------------------------------------------------------------+
; altsyncram Parameter Settings by Entity Instance                                         ;
+-------------------------------------------+----------------------------------------------+
; Name                                      ; Value                                        ;
+-------------------------------------------+----------------------------------------------+
; Number of entity instances                ; 1                                            ;
; Entity Instance                           ; ram:ram_inst|altsyncram:altsyncram_component ;
;     -- OPERATION_MODE                     ; DUAL_PORT                                    ;
;     -- WIDTH_A                            ; 16                                           ;
;     -- NUMWORDS_A                         ; 32                                           ;
;     -- OUTDATA_REG_A                      ; UNREGISTERED                                 ;
;     -- WIDTH_B                            ; 16                                           ;
;     -- NUMWORDS_B                         ; 32                                           ;
;     -- ADDRESS_REG_B                      ; CLOCK0                                       ;
;     -- OUTDATA_REG_B                      ; UNREGISTERED                                 ;
;     -- RAM_BLOCK_TYPE                     ; AUTO                                         ;
;     -- READ_DURING_WRITE_MODE_MIXED_PORTS ; DONT_CARE                                    ;
+-------------------------------------------+----------------------------------------------+


+------------------------------------------------------------------------------------+
; lpm_mult Parameter Settings by Entity Instance                                     ;
+---------------------------------------+--------------------------------------------+
; Name                                  ; Value                                      ;
+---------------------------------------+--------------------------------------------+
; Number of entity instances            ; 1                                          ;
; Entity Instance                       ; mult:mult_inst|lpm_mult:lpm_mult_component ;
;     -- LPM_WIDTHA                     ; 8                                          ;
;     -- LPM_WIDTHB                     ; 8                                          ;
;     -- LPM_WIDTHP                     ; 16                                         ;
;     -- LPM_REPRESENTATION             ; UNSIGNED                                   ;
;     -- INPUT_A_IS_CONSTANT            ; NO                                         ;
;     -- INPUT_B_IS_CONSTANT            ; NO                                         ;
;     -- USE_EAB                        ; OFF                                        ;
;     -- DEDICATED_MULTIPLIER_CIRCUITRY ; AUTO                                       ;
;     -- INPUT_A_FIXED_VALUE            ; Bx                                         ;
;     -- INPUT_B_FIXED_VALUE            ; Bx                                         ;
+---------------------------------------+--------------------------------------------+


+-----------------------------------------------------+
; Post-Synthesis Netlist Statistics for Top Partition ;
+----------------------+------------------------------+
; Type                 ; Count                        ;
+----------------------+------------------------------+
; boundary_port        ; 44                           ;
; cycloneiii_ff        ; 16                           ;
;     plain            ; 16                           ;
; cycloneiii_mac_mult  ; 1                            ;
; cycloneiii_mac_out   ; 1                            ;
; cycloneiii_ram_block ; 16                           ;
;                      ;                              ;
; Max LUT depth        ; 0.00                         ;
; Average LUT depth    ; 0.00                         ;
+----------------------+------------------------------+


+-------------------------------+
; Elapsed Time Per Partition    ;
+----------------+--------------+
; Partition Name ; Elapsed Time ;
+----------------+--------------+
; Top            ; 00:00:01     ;
+----------------+--------------+


+-------------------------------+
; Analysis & Synthesis Messages ;
+-------------------------------+
Info: *******************************************************************
Info: Running Quartus Prime Analysis & Synthesis
    Info: Version 17.1.0 Build 590 10/25/2017 SJ Lite Edition
    Info: Processing started: Mon Apr 27 17:05:05 2020
Info: Command: quartus_map --read_settings_files=on --write_settings_files=off pipe -c pipe2
Warning (18236): Number of processors has not been specified which may cause overloading on shared machines.  Set the global assignment NUM_PARALLEL_PROCESSORS in your QSF to an appropriate value for best performance.
Info (20030): Parallel compilation is enabled and will use 2 of the 2 processors detected
Info (12021): Found 1 design units, including 1 entities, in source file mult.v
    Info (12023): Found entity 1: mult File: D:/repos/hse_SoC_labs/II/Lab5_1/mult.v Line: 39
Info (12021): Found 1 design units, including 1 entities, in source file ram.v
    Info (12023): Found entity 1: ram File: D:/repos/hse_SoC_labs/II/Lab5_1/ram.v Line: 39
Info (12021): Found 1 design units, including 1 entities, in source file pipe.bdf
    Info (12023): Found entity 1: pipe
Info (12127): Elaborating entity "pipe" for the top level hierarchy
Info (12128): Elaborating entity "ram" for hierarchy "ram:ram_inst"
Info (12128): Elaborating entity "altsyncram" for hierarchy "ram:ram_inst|altsyncram:altsyncram_component" File: D:/repos/hse_SoC_labs/II/Lab5_1/ram.v Line: 88
Info (12130): Elaborated megafunction instantiation "ram:ram_inst|altsyncram:altsyncram_component" File: D:/repos/hse_SoC_labs/II/Lab5_1/ram.v Line: 88
Info (12133): Instantiated megafunction "ram:ram_inst|altsyncram:altsyncram_component" with the following parameter: File: D:/repos/hse_SoC_labs/II/Lab5_1/ram.v Line: 88
    Info (12134): Parameter "address_aclr_b" = "NONE"
    Info (12134): Parameter "address_reg_b" = "CLOCK0"
    Info (12134): Parameter "clock_enable_input_a" = "BYPASS"
    Info (12134): Parameter "clock_enable_input_b" = "BYPASS"
    Info (12134): Parameter "clock_enable_output_b" = "BYPASS"
    Info (12134): Parameter "init_file" = "ram.hex"
    Info (12134): Parameter "intended_device_family" = "MAX 10"
    Info (12134): Parameter "lpm_type" = "altsyncram"
    Info (12134): Parameter "numwords_a" = "32"
    Info (12134): Parameter "numwords_b" = "32"
    Info (12134): Parameter "operation_mode" = "DUAL_PORT"
    Info (12134): Parameter "outdata_aclr_b" = "NONE"
    Info (12134): Parameter "outdata_reg_b" = "UNREGISTERED"
    Info (12134): Parameter "power_up_uninitialized" = "FALSE"
    Info (12134): Parameter "read_during_write_mode_mixed_ports" = "DONT_CARE"
    Info (12134): Parameter "widthad_a" = "5"
    Info (12134): Parameter "widthad_b" = "5"
    Info (12134): Parameter "width_a" = "16"
    Info (12134): Parameter "width_b" = "16"
    Info (12134): Parameter "width_byteena_a" = "1"
Info (12021): Found 1 design units, including 1 entities, in source file db/altsyncram_o8p1.tdf
    Info (12023): Found entity 1: altsyncram_o8p1 File: D:/repos/hse_SoC_labs/II/Lab5_1/db/altsyncram_o8p1.tdf Line: 27
Info (12128): Elaborating entity "altsyncram_o8p1" for hierarchy "ram:ram_inst|altsyncram:altsyncram_component|altsyncram_o8p1:auto_generated" File: d:/intelfpga_lite/17.1/quartus/libraries/megafunctions/altsyncram.tdf Line: 791
Info (12128): Elaborating entity "mult" for hierarchy "mult:mult_inst"
Info (12128): Elaborating entity "lpm_mult" for hierarchy "mult:mult_inst|lpm_mult:lpm_mult_component" File: D:/repos/hse_SoC_labs/II/Lab5_1/mult.v Line: 61
Info (12130): Elaborated megafunction instantiation "mult:mult_inst|lpm_mult:lpm_mult_component" File: D:/repos/hse_SoC_labs/II/Lab5_1/mult.v Line: 61
Info (12133): Instantiated megafunction "mult:mult_inst|lpm_mult:lpm_mult_component" with the following parameter: File: D:/repos/hse_SoC_labs/II/Lab5_1/mult.v Line: 61
    Info (12134): Parameter "lpm_hint" = "MAXIMIZE_SPEED=5"
    Info (12134): Parameter "lpm_pipeline" = "2"
    Info (12134): Parameter "lpm_representation" = "UNSIGNED"
    Info (12134): Parameter "lpm_type" = "LPM_MULT"
    Info (12134): Parameter "lpm_widtha" = "8"
    Info (12134): Parameter "lpm_widthb" = "8"
    Info (12134): Parameter "lpm_widthp" = "16"
Info (12021): Found 1 design units, including 1 entities, in source file db/mult_blo.tdf
    Info (12023): Found entity 1: mult_blo File: D:/repos/hse_SoC_labs/II/Lab5_1/db/mult_blo.tdf Line: 28
Info (12128): Elaborating entity "mult_blo" for hierarchy "mult:mult_inst|lpm_mult:lpm_mult_component|mult_blo:auto_generated" File: d:/intelfpga_lite/17.1/quartus/libraries/megafunctions/lpm_mult.tdf Line: 376
Info (286030): Timing-Driven Synthesis is running
Info (16010): Generating hard_block partition "hard_block:auto_generated_inst"
    Info (16011): Adding 0 node(s), including 0 DDIO, 0 PLL, 0 transceiver and 0 LCELL
Error (16031): Current Internal Configuration mode does not support memory initialization or ROM. Select Internal Configuration mode with ERAM. File: D:/repos/hse_SoC_labs/II/Lab5_1/db/altsyncram_o8p1.tdf Line: 33
Error (16031): Current Internal Configuration mode does not support memory initialization or ROM. Select Internal Configuration mode with ERAM. File: D:/repos/hse_SoC_labs/II/Lab5_1/db/altsyncram_o8p1.tdf Line: 33
Error (16031): Current Internal Configuration mode does not support memory initialization or ROM. Select Internal Configuration mode with ERAM. File: D:/repos/hse_SoC_labs/II/Lab5_1/db/altsyncram_o8p1.tdf Line: 33
Error (16031): Current Internal Configuration mode does not support memory initialization or ROM. Select Internal Configuration mode with ERAM. File: D:/repos/hse_SoC_labs/II/Lab5_1/db/altsyncram_o8p1.tdf Line: 33
Error (16031): Current Internal Configuration mode does not support memory initialization or ROM. Select Internal Configuration mode with ERAM. File: D:/repos/hse_SoC_labs/II/Lab5_1/db/altsyncram_o8p1.tdf Line: 33
Error (16031): Current Internal Configuration mode does not support memory initialization or ROM. Select Internal Configuration mode with ERAM. File: D:/repos/hse_SoC_labs/II/Lab5_1/db/altsyncram_o8p1.tdf Line: 33
Error (16031): Current Internal Configuration mode does not support memory initialization or ROM. Select Internal Configuration mode with ERAM. File: D:/repos/hse_SoC_labs/II/Lab5_1/db/altsyncram_o8p1.tdf Line: 33
Error (16031): Current Internal Configuration mode does not support memory initialization or ROM. Select Internal Configuration mode with ERAM. File: D:/repos/hse_SoC_labs/II/Lab5_1/db/altsyncram_o8p1.tdf Line: 33
Error (16031): Current Internal Configuration mode does not support memory initialization or ROM. Select Internal Configuration mode with ERAM. File: D:/repos/hse_SoC_labs/II/Lab5_1/db/altsyncram_o8p1.tdf Line: 33
Error (16031): Current Internal Configuration mode does not support memory initialization or ROM. Select Internal Configuration mode with ERAM. File: D:/repos/hse_SoC_labs/II/Lab5_1/db/altsyncram_o8p1.tdf Line: 33
Error (16031): Current Internal Configuration mode does not support memory initialization or ROM. Select Internal Configuration mode with ERAM. File: D:/repos/hse_SoC_labs/II/Lab5_1/db/altsyncram_o8p1.tdf Line: 33
Error (16031): Current Internal Configuration mode does not support memory initialization or ROM. Select Internal Configuration mode with ERAM. File: D:/repos/hse_SoC_labs/II/Lab5_1/db/altsyncram_o8p1.tdf Line: 33
Error: Quartus Prime Analysis & Synthesis was unsuccessful. 12 errors, 1 warning
    Error: Peak virtual memory: 4771 megabytes
    Error: Processing ended: Mon Apr 27 17:05:42 2020
    Error: Elapsed time: 00:00:37
    Error: Total CPU time (on all processors): 00:01:00


